<?xml version="1.0" encoding="UTF-8"?>
<coverage generated="1673114368229" clover="3.2.0">
  <project timestamp="1673114368229" name="All files">
    <metrics statements="823" coveredstatements="455" conditionals="324" coveredconditionals="121" methods="153" coveredmethods="82" elements="1300" coveredelements="658" complexity="0" loc="823" ncloc="823" packages="3" files="12" classes="12"/>
    <package name="server.src">
      <metrics statements="382" coveredstatements="86" conditionals="166" coveredconditionals="21" methods="66" coveredmethods="10"/>
      <file name="server.ts" path="/home/runner/work/vscode-c-cpp-flylint/vscode-c-cpp-flylint/server/src/server.ts">
        <metrics statements="326" coveredstatements="47" conditionals="136" coveredconditionals="2" methods="53" coveredmethods="1"/>
        <line num="5" count="7" type="stmt"/>
        <line num="6" count="7" type="stmt"/>
        <line num="20" count="7" type="stmt"/>
        <line num="24" count="7" type="stmt"/>
        <line num="25" count="7" type="stmt"/>
        <line num="26" count="7" type="stmt"/>
        <line num="27" count="7" type="stmt"/>
        <line num="28" count="7" type="stmt"/>
        <line num="29" count="7" type="stmt"/>
        <line num="31" count="7" type="stmt"/>
        <line num="32" count="7" type="stmt"/>
        <line num="33" count="7" type="stmt"/>
        <line num="35" count="7" type="stmt"/>
        <line num="36" count="7" type="stmt"/>
        <line num="37" count="7" type="stmt"/>
        <line num="38" count="7" type="stmt"/>
        <line num="39" count="7" type="stmt"/>
        <line num="40" count="7" type="stmt"/>
        <line num="43" count="7" type="stmt"/>
        <line num="46" count="7" type="stmt"/>
        <line num="48" count="7" type="stmt"/>
        <line num="51" count="7" type="stmt"/>
        <line num="54" count="7" type="stmt"/>
        <line num="57" count="7" type="stmt"/>
        <line num="63" count="7" type="stmt"/>
        <line num="66" count="7" type="stmt"/>
        <line num="69" count="7" type="stmt"/>
        <line num="73" count="7" type="cond" truecount="2" falsecount="0"/>
        <line num="74" count="7" type="stmt"/>
        <line num="75" count="7" type="stmt"/>
        <line num="80" count="0" type="stmt"/>
        <line num="81" count="0" type="stmt"/>
        <line num="82" count="0" type="stmt"/>
        <line num="86" count="7" type="stmt"/>
        <line num="87" count="0" type="stmt"/>
        <line num="89" count="0" type="cond" truecount="0" falsecount="2"/>
        <line num="91" count="0" type="stmt"/>
        <line num="116" count="7" type="stmt"/>
        <line num="117" count="0" type="cond" truecount="0" falsecount="1"/>
        <line num="118" count="0" type="stmt"/>
        <line num="125" count="7" type="stmt"/>
        <line num="127" count="7" type="stmt"/>
        <line num="128" count="0" type="cond" truecount="0" falsecount="2"/>
        <line num="129" count="0" type="stmt"/>
        <line num="131" count="0" type="cond" truecount="0" falsecount="2"/>
        <line num="134" count="0" type="stmt"/>
        <line num="137" count="7" type="stmt"/>
        <line num="138" count="0" type="stmt"/>
        <line num="141" count="0" type="stmt"/>
        <line num="145" count="7" type="stmt"/>
        <line num="146" count="0" type="stmt"/>
        <line num="149" count="7" type="stmt"/>
        <line num="151" count="0" type="stmt"/>
        <line num="153" count="0" type="cond" truecount="0" falsecount="4"/>
        <line num="155" count="0" type="stmt"/>
        <line num="156" count="0" type="cond" truecount="0" falsecount="1"/>
        <line num="158" count="0" type="stmt"/>
        <line num="159" count="0" type="stmt"/>
        <line num="162" count="0" type="stmt"/>
        <line num="166" count="0" type="stmt"/>
        <line num="167" count="0" type="stmt"/>
        <line num="169" count="0" type="stmt"/>
        <line num="170" count="0" type="stmt"/>
        <line num="172" count="0" type="cond" truecount="0" falsecount="2"/>
        <line num="174" count="0" type="stmt"/>
        <line num="175" count="0" type="cond" truecount="0" falsecount="4"/>
        <line num="179" count="0" type="stmt"/>
        <line num="180" count="0" type="stmt"/>
        <line num="181" count="0" type="stmt"/>
        <line num="184" count="0" type="cond" truecount="0" falsecount="1"/>
        <line num="186" count="0" type="stmt"/>
        <line num="191" count="0" type="stmt"/>
        <line num="194" count="0" type="stmt"/>
        <line num="198" count="0" type="cond" truecount="0" falsecount="1"/>
        <line num="199" count="0" type="stmt"/>
        <line num="202" count="0" type="stmt"/>
        <line num="203" count="0" type="cond" truecount="0" falsecount="1"/>
        <line num="204" count="0" type="stmt"/>
        <line num="205" count="0" type="stmt"/>
        <line num="206" count="0" type="stmt"/>
        <line num="207" count="0" type="stmt"/>
        <line num="210" count="0" type="stmt"/>
        <line num="214" count="0" type="stmt"/>
        <line num="216" count="0" type="cond" truecount="0" falsecount="1"/>
        <line num="217" count="0" type="cond" truecount="0" falsecount="1"/>
        <line num="218" count="0" type="cond" truecount="0" falsecount="1"/>
        <line num="219" count="0" type="cond" truecount="0" falsecount="1"/>
        <line num="220" count="0" type="cond" truecount="0" falsecount="1"/>
        <line num="221" count="0" type="cond" truecount="0" falsecount="1"/>
        <line num="223" count="0" type="stmt"/>
        <line num="224" count="0" type="cond" truecount="0" falsecount="3"/>
        <line num="225" count="0" type="stmt"/>
        <line num="229" count="0" type="stmt"/>
        <line num="232" count="7" type="stmt"/>
        <line num="233" count="0" type="stmt"/>
        <line num="234" count="0" type="cond" truecount="0" falsecount="1"/>
        <line num="235" count="0" type="stmt"/>
        <line num="236" count="0" type="stmt"/>
        <line num="237" count="0" type="stmt"/>
        <line num="239" count="0" type="cond" truecount="0" falsecount="1"/>
        <line num="241" count="0" type="cond" truecount="0" falsecount="1"/>
        <line num="242" count="0" type="stmt"/>
        <line num="243" count="0" type="stmt"/>
        <line num="245" count="0" type="stmt"/>
        <line num="247" count="0" type="cond" truecount="0" falsecount="1"/>
        <line num="248" count="0" type="stmt"/>
        <line num="250" count="0" type="stmt"/>
        <line num="251" count="0" type="stmt"/>
        <line num="252" count="0" type="stmt"/>
        <line num="254" count="0" type="cond" truecount="0" falsecount="1"/>
        <line num="256" count="0" type="stmt"/>
        <line num="259" count="0" type="stmt"/>
        <line num="260" count="0" type="stmt"/>
        <line num="262" count="0" type="cond" truecount="0" falsecount="2"/>
        <line num="263" count="0" type="stmt"/>
        <line num="266" count="0" type="stmt"/>
        <line num="267" count="0" type="stmt"/>
        <line num="268" count="0" type="cond" truecount="0" falsecount="2"/>
        <line num="270" count="0" type="cond" truecount="0" falsecount="1"/>
        <line num="272" count="0" type="stmt"/>
        <line num="275" count="0" type="cond" truecount="0" falsecount="1"/>
        <line num="277" count="0" type="stmt"/>
        <line num="281" count="0" type="cond" truecount="0" falsecount="1"/>
        <line num="283" count="0" type="stmt"/>
        <line num="287" count="0" type="cond" truecount="0" falsecount="1"/>
        <line num="288" count="0" type="cond" truecount="0" falsecount="1"/>
        <line num="290" count="0" type="stmt"/>
        <line num="293" count="0" type="stmt"/>
        <line num="298" count="0" type="cond" truecount="0" falsecount="1"/>
        <line num="300" count="0" type="stmt"/>
        <line num="303" count="0" type="stmt"/>
        <line num="310" count="0" type="stmt"/>
        <line num="315" count="0" type="cond" truecount="0" falsecount="1"/>
        <line num="316" count="0" type="stmt"/>
        <line num="324" count="0" type="stmt"/>
        <line num="326" count="0" type="stmt"/>
        <line num="329" count="0" type="stmt"/>
        <line num="333" count="0" type="stmt"/>
        <line num="334" count="0" type="cond" truecount="0" falsecount="4"/>
        <line num="339" count="0" type="stmt"/>
        <line num="340" count="0" type="stmt"/>
        <line num="342" count="0" type="stmt"/>
        <line num="346" count="0" type="stmt"/>
        <line num="348" count="0" type="stmt"/>
        <line num="349" count="0" type="cond" truecount="0" falsecount="1"/>
        <line num="350" count="0" type="stmt"/>
        <line num="352" count="0" type="stmt"/>
        <line num="353" count="0" type="stmt"/>
        <line num="356" count="0" type="stmt"/>
        <line num="360" count="7" type="stmt"/>
        <line num="361" count="0" type="stmt"/>
        <line num="362" count="0" type="stmt"/>
        <line num="363" count="0" type="stmt"/>
        <line num="367" count="0" type="cond" truecount="0" falsecount="1"/>
        <line num="369" count="0" type="stmt"/>
        <line num="371" count="0" type="stmt"/>
        <line num="372" count="0" type="cond" truecount="0" falsecount="1"/>
        <line num="374" count="0" type="stmt"/>
        <line num="375" count="0" type="stmt"/>
        <line num="378" count="0" type="stmt"/>
        <line num="383" count="7" type="stmt"/>
        <line num="385" count="7" type="stmt"/>
        <line num="387" count="0" type="stmt"/>
        <line num="389" count="0" type="stmt"/>
        <line num="390" count="0" type="cond" truecount="0" falsecount="3"/>
        <line num="392" count="0" type="stmt"/>
        <line num="393" count="0" type="stmt"/>
        <line num="396" count="0" type="stmt"/>
        <line num="399" count="7" type="stmt"/>
        <line num="400" count="0" type="cond" truecount="0" falsecount="1"/>
        <line num="401" count="0" type="stmt"/>
        <line num="406" count="0" type="cond" truecount="0" falsecount="2"/>
        <line num="408" count="0" type="cond" truecount="0" falsecount="1"/>
        <line num="409" count="0" type="stmt"/>
        <line num="414" count="0" type="stmt"/>
        <line num="415" count="0" type="stmt"/>
        <line num="416" count="0" type="stmt"/>
        <line num="417" count="0" type="stmt"/>
        <line num="418" count="0" type="stmt"/>
        <line num="420" count="0" type="stmt"/>
        <line num="421" count="0" type="cond" truecount="0" falsecount="1"/>
        <line num="423" count="0" type="stmt"/>
        <line num="424" count="0" type="stmt"/>
        <line num="427" count="0" type="cond" truecount="0" falsecount="5"/>
        <line num="433" count="0" type="stmt"/>
        <line num="434" count="0" type="stmt"/>
        <line num="437" count="0" type="cond" truecount="0" falsecount="1"/>
        <line num="440" count="0" type="stmt"/>
        <line num="441" count="0" type="stmt"/>
        <line num="445" count="0" type="stmt"/>
        <line num="448" count="0" type="stmt"/>
        <line num="449" count="0" type="cond" truecount="0" falsecount="3"/>
        <line num="451" count="0" type="stmt"/>
        <line num="454" count="0" type="stmt"/>
        <line num="456" count="0" type="stmt"/>
        <line num="460" count="0" type="stmt"/>
        <line num="461" count="0" type="stmt"/>
        <line num="462" count="0" type="cond" truecount="0" falsecount="1"/>
        <line num="463" count="0" type="cond" truecount="0" falsecount="1"/>
        <line num="465" count="0" type="stmt"/>
        <line num="468" count="0" type="cond" truecount="0" falsecount="3"/>
        <line num="469" count="0" type="cond" truecount="0" falsecount="1"/>
        <line num="471" count="0" type="stmt"/>
        <line num="474" count="0" type="stmt"/>
        <line num="478" count="0" type="cond" truecount="0" falsecount="1"/>
        <line num="480" count="0" type="stmt"/>
        <line num="482" count="0" type="stmt"/>
        <line num="485" count="0" type="stmt"/>
        <line num="486" count="0" type="stmt"/>
        <line num="488" count="0" type="stmt"/>
        <line num="490" count="0" type="stmt"/>
        <line num="492" count="0" type="stmt"/>
        <line num="493" count="0" type="stmt"/>
        <line num="496" count="0" type="stmt"/>
        <line num="499" count="0" type="stmt"/>
        <line num="501" count="0" type="stmt"/>
        <line num="503" count="0" type="stmt"/>
        <line num="504" count="0" type="stmt"/>
        <line num="505" count="0" type="stmt"/>
        <line num="507" count="0" type="stmt"/>
        <line num="508" count="0" type="stmt"/>
        <line num="509" count="0" type="stmt"/>
        <line num="510" count="0" type="stmt"/>
        <line num="512" count="0" type="stmt"/>
        <line num="513" count="0" type="stmt"/>
        <line num="515" count="0" type="cond" truecount="0" falsecount="6"/>
        <line num="516" count="0" type="stmt"/>
        <line num="517" count="0" type="stmt"/>
        <line num="520" count="0" type="stmt"/>
        <line num="522" count="0" type="cond" truecount="0" falsecount="1"/>
        <line num="523" count="0" type="stmt"/>
        <line num="526" count="0" type="cond" truecount="0" falsecount="1"/>
        <line num="527" count="0" type="stmt"/>
        <line num="530" count="0" type="cond" truecount="0" falsecount="5"/>
        <line num="531" count="0" type="stmt"/>
        <line num="533" count="0" type="stmt"/>
        <line num="536" count="0" type="stmt"/>
        <line num="539" count="0" type="stmt"/>
        <line num="540" count="0" type="stmt"/>
        <line num="542" count="0" type="cond" truecount="0" falsecount="2"/>
        <line num="543" count="0" type="stmt"/>
        <line num="545" count="0" type="stmt"/>
        <line num="549" count="0" type="stmt"/>
        <line num="553" count="0" type="stmt"/>
        <line num="555" count="0" type="stmt"/>
        <line num="556" count="0" type="stmt"/>
        <line num="557" count="0" type="stmt"/>
        <line num="558" count="0" type="stmt"/>
        <line num="560" count="0" type="cond" truecount="0" falsecount="1"/>
        <line num="561" count="0" type="stmt"/>
        <line num="564" count="0" type="stmt"/>
        <line num="565" count="0" type="stmt"/>
        <line num="567" count="0" type="cond" truecount="0" falsecount="1"/>
        <line num="569" count="0" type="stmt"/>
        <line num="573" count="0" type="cond" truecount="0" falsecount="1"/>
        <line num="575" count="0" type="stmt"/>
        <line num="579" count="0" type="cond" truecount="0" falsecount="1"/>
        <line num="580" count="0" type="stmt"/>
        <line num="582" count="0" type="stmt"/>
        <line num="583" count="0" type="stmt"/>
        <line num="589" count="0" type="stmt"/>
        <line num="590" count="0" type="stmt"/>
        <line num="594" count="0" type="stmt"/>
        <line num="595" count="0" type="cond" truecount="0" falsecount="1"/>
        <line num="596" count="0" type="stmt"/>
        <line num="600" count="0" type="stmt"/>
        <line num="602" count="0" type="cond" truecount="0" falsecount="1"/>
        <line num="603" count="0" type="stmt"/>
        <line num="606" count="0" type="stmt"/>
        <line num="611" count="0" type="cond" truecount="0" falsecount="2"/>
        <line num="612" count="0" type="stmt"/>
        <line num="617" count="0" type="stmt"/>
        <line num="621" count="0" type="cond" truecount="0" falsecount="4"/>
        <line num="622" count="0" type="cond" truecount="0" falsecount="4"/>
        <line num="623" count="0" type="cond" truecount="0" falsecount="4"/>
        <line num="624" count="0" type="cond" truecount="0" falsecount="2"/>
        <line num="625" count="0" type="stmt"/>
        <line num="626" count="0" type="stmt"/>
        <line num="628" count="0" type="cond" truecount="0" falsecount="4"/>
        <line num="629" count="0" type="stmt"/>
        <line num="632" count="0" type="stmt"/>
        <line num="633" count="0" type="cond" truecount="0" falsecount="3"/>
        <line num="634" count="0" type="stmt"/>
        <line num="638" count="0" type="stmt"/>
        <line num="641" count="0" type="stmt"/>
        <line num="654" count="0" type="stmt"/>
        <line num="655" count="0" type="cond" truecount="0" falsecount="1"/>
        <line num="656" count="0" type="stmt"/>
        <line num="659" count="0" type="stmt"/>
        <line num="660" count="0" type="stmt"/>
        <line num="663" count="7" type="stmt"/>
        <line num="664" count="0" type="stmt"/>
        <line num="665" count="0" type="stmt"/>
        <line num="667" count="0" type="cond" truecount="0" falsecount="1"/>
        <line num="668" count="0" type="stmt"/>
        <line num="670" count="0" type="stmt"/>
        <line num="675" count="7" type="stmt"/>
        <line num="676" count="0" type="stmt"/>
        <line num="678" count="0" type="cond" truecount="0" falsecount="3"/>
        <line num="679" count="0" type="stmt"/>
        <line num="681" count="0" type="stmt"/>
        <line num="682" count="0" type="stmt"/>
        <line num="683" count="0" type="stmt"/>
        <line num="685" count="0" type="cond" truecount="0" falsecount="1"/>
        <line num="686" count="0" type="stmt"/>
        <line num="689" count="0" type="stmt"/>
        <line num="694" count="0" type="stmt"/>
        <line num="696" count="0" type="stmt"/>
        <line num="699" count="7" type="stmt"/>
        <line num="700" count="0" type="stmt"/>
        <line num="702" count="0" type="cond" truecount="0" falsecount="2"/>
        <line num="703" count="0" type="stmt"/>
        <line num="704" count="0" type="stmt"/>
        <line num="705" count="0" type="cond" truecount="0" falsecount="3"/>
        <line num="706" count="0" type="stmt"/>
        <line num="708" count="0" type="stmt"/>
        <line num="709" count="0" type="stmt"/>
        <line num="710" count="0" type="stmt"/>
        <line num="712" count="0" type="cond" truecount="0" falsecount="1"/>
        <line num="713" count="0" type="stmt"/>
        <line num="716" count="0" type="stmt"/>
        <line num="721" count="0" type="cond" truecount="0" falsecount="1"/>
        <line num="722" count="0" type="stmt"/>
        <line num="725" count="0" type="stmt"/>
        <line num="729" count="7" type="stmt"/>
        <line num="732" count="7" type="stmt"/>
      </file>
      <file name="settings.ts" path="/home/runner/work/vscode-c-cpp-flylint/vscode-c-cpp-flylint/server/src/settings.ts">
        <metrics statements="21" coveredstatements="15" conditionals="13" coveredconditionals="7" methods="3" coveredmethods="3"/>
        <line num="5" count="8" type="stmt"/>
        <line num="6" count="8" type="stmt"/>
        <line num="7" count="8" type="stmt"/>
        <line num="19" count="8" type="stmt"/>
        <line num="20" count="2" type="cond" truecount="1" falsecount="3"/>
        <line num="21" count="0" type="stmt"/>
        <line num="22" count="2" type="stmt"/>
        <line num="23" count="0" type="stmt"/>
        <line num="25" count="0" type="stmt"/>
        <line num="31" count="8" type="cond" truecount="2" falsecount="0"/>
        <line num="32" count="8" type="stmt"/>
        <line num="33" count="71" type="cond" truecount="0" falsecount="1"/>
        <line num="34" count="0" type="stmt"/>
        <line num="37" count="71" type="cond" truecount="0" falsecount="1"/>
        <line num="38" count="0" type="stmt"/>
        <line num="41" count="71" type="cond" truecount="4" falsecount="1"/>
        <line num="42" count="9" type="stmt"/>
        <line num="43" count="18" type="stmt"/>
        <line num="44" count="30" type="stmt"/>
        <line num="45" count="14" type="stmt"/>
        <line num="47" count="0" type="stmt"/>
      </file>
      <file name="utils.ts" path="/home/runner/work/vscode-c-cpp-flylint/vscode-c-cpp-flylint/server/src/utils.ts">
        <metrics statements="35" coveredstatements="24" conditionals="17" coveredconditionals="12" methods="10" coveredmethods="6"/>
        <line num="5" count="9" type="stmt"/>
        <line num="7" count="9" type="cond" truecount="2" falsecount="0"/>
        <line num="10" count="9" type="stmt"/>
        <line num="11" count="3" type="stmt"/>
        <line num="12" count="3" type="stmt"/>
        <line num="13" count="3" type="stmt"/>
        <line num="16" count="0" type="cond" truecount="0" falsecount="2"/>
        <line num="17" count="0" type="stmt"/>
        <line num="19" count="0" type="stmt"/>
        <line num="23" count="3" type="stmt"/>
        <line num="24" count="3" type="stmt"/>
        <line num="27" count="3" type="stmt"/>
        <line num="28" count="3" type="stmt"/>
        <line num="31" count="3" type="stmt"/>
        <line num="33" count="0" type="stmt"/>
        <line num="35" count="0" type="stmt"/>
        <line num="36" count="0" type="cond" truecount="0" falsecount="2"/>
        <line num="37" count="0" type="stmt"/>
        <line num="39" count="0" type="stmt"/>
        <line num="43" count="3" type="stmt"/>
        <line num="48" count="9" type="stmt"/>
        <line num="49" count="0" type="stmt"/>
        <line num="50" count="0" type="stmt"/>
        <line num="55" count="9" type="stmt"/>
        <line num="56" count="29" type="stmt"/>
        <line num="57" count="29" type="cond" truecount="5" falsecount="0"/>
        <line num="58" count="7" type="cond" truecount="4" falsecount="0"/>
        <line num="59" count="4" type="stmt"/>
        <line num="60" count="4" type="cond" truecount="0" falsecount="1"/>
        <line num="61" count="0" type="stmt"/>
        <line num="63" count="4" type="stmt"/>
        <line num="66" count="3" type="stmt"/>
        <line num="68" count="22" type="cond" truecount="1" falsecount="0"/>
        <line num="70" count="4" type="stmt"/>
        <line num="72" count="21" type="stmt"/>
      </file>
    </package>
    <package name="server.src.linters">
      <metrics statements="432" coveredstatements="360" conditionals="147" coveredconditionals="93" methods="84" coveredmethods="69"/>
      <file name="clang.ts" path="/home/runner/work/vscode-c-cpp-flylint/vscode-c-cpp-flylint/server/src/linters/clang.ts">
        <metrics statements="63" coveredstatements="57" conditionals="26" coveredconditionals="15" methods="7" coveredmethods="6"/>
        <line num="5" count="7" type="stmt"/>
        <line num="6" count="7" type="stmt"/>
        <line num="7" count="7" type="stmt"/>
        <line num="9" count="7" type="stmt"/>
        <line num="10" count="7" type="stmt"/>
        <line num="12" count="7" type="stmt"/>
        <line num="13" count="8" type="stmt"/>
        <line num="14" count="8" type="stmt"/>
        <line num="17" count="8" type="stmt"/>
        <line num="18" count="8" type="stmt"/>
        <line num="20" count="8" type="stmt"/>
        <line num="21" count="8" type="stmt"/>
        <line num="22" count="8" type="stmt"/>
        <line num="26" count="0" type="stmt"/>
        <line num="30" count="3" type="stmt"/>
        <line num="31" count="3" type="stmt"/>
        <line num="34" count="3" type="cond" truecount="1" falsecount="1"/>
        <line num="35" count="0" type="stmt"/>
        <line num="42" count="3" type="stmt"/>
        <line num="45" count="3" type="stmt"/>
        <line num="46" count="3" type="cond" truecount="1" falsecount="1"/>
        <line num="48" count="3" type="cond" truecount="1" falsecount="1"/>
        <line num="50" count="3" type="cond" truecount="1" falsecount="1"/>
        <line num="52" count="3" type="cond" truecount="1" falsecount="1"/>
        <line num="54" count="3" type="stmt"/>
        <line num="59" count="3" type="stmt"/>
        <line num="64" count="3" type="stmt"/>
        <line num="69" count="3" type="stmt"/>
        <line num="74" count="3" type="stmt"/>
        <line num="79" count="3" type="stmt"/>
        <line num="85" count="3" type="stmt"/>
        <line num="110" count="3" type="cond" truecount="1" falsecount="1"/>
        <line num="111" count="0" type="stmt"/>
        <line num="113" count="3" type="stmt"/>
        <line num="116" count="3" type="stmt"/>
        <line num="117" count="3" type="stmt"/>
        <line num="119" count="3" type="stmt"/>
        <line num="123" count="20" type="stmt"/>
        <line num="126" count="20" type="cond" truecount="0" falsecount="1"/>
        <line num="128" count="0" type="stmt"/>
        <line num="131" count="20" type="stmt"/>
        <line num="132" count="20" type="cond" truecount="1" falsecount="0"/>
        <line num="134" count="1" type="stmt"/>
        <line num="138" count="19" type="stmt"/>
        <line num="140" count="19" type="cond" truecount="1" falsecount="0"/>
        <line num="141" count="3" type="stmt"/>
        <line num="152" count="16" type="cond" truecount="2" falsecount="0"/>
        <line num="153" count="15" type="stmt"/>
        <line num="163" count="1" type="stmt"/>
        <line num="177" count="15" type="stmt"/>
        <line num="178" count="15" type="stmt"/>
        <line num="182" count="3" type="stmt"/>
        <line num="184" count="3" type="cond" truecount="0" falsecount="1"/>
        <line num="185" count="0" type="stmt"/>
        <line num="188" count="3" type="cond" truecount="0" falsecount="1"/>
        <line num="189" count="0" type="stmt"/>
        <line num="192" count="3" type="stmt"/>
        <line num="196" count="3" type="stmt"/>
        <line num="197" count="3" type="stmt"/>
        <line num="199" count="3" type="cond" truecount="1" falsecount="0"/>
        <line num="200" count="3" type="stmt"/>
        <line num="201" count="3" type="stmt"/>
        <line num="204" count="3" type="stmt"/>
      </file>
      <file name="cppcheck.ts" path="/home/runner/work/vscode-c-cpp-flylint/vscode-c-cpp-flylint/server/src/linters/cppcheck.ts">
        <metrics statements="63" coveredstatements="56" conditionals="17" coveredconditionals="12" methods="11" coveredmethods="9"/>
        <line num="5" count="7" type="stmt"/>
        <line num="6" count="7" type="stmt"/>
        <line num="7" count="7" type="stmt"/>
        <line num="9" count="7" type="stmt"/>
        <line num="10" count="7" type="stmt"/>
        <line num="12" count="7" type="stmt"/>
        <line num="14" count="10" type="stmt"/>
        <line num="15" count="10" type="stmt"/>
        <line num="17" count="10" type="stmt"/>
        <line num="18" count="10" type="stmt"/>
        <line num="19" count="10" type="stmt"/>
        <line num="23" count="2" type="cond" truecount="1" falsecount="1"/>
        <line num="26" count="2" type="stmt"/>
        <line num="27" count="2" type="stmt"/>
        <line num="28" count="2" type="stmt"/>
        <line num="29" count="2" type="stmt"/>
        <line num="30" count="2" type="stmt"/>
        <line num="31" count="2" type="stmt"/>
        <line num="36" count="2" type="stmt"/>
        <line num="41" count="2" type="stmt"/>
        <line num="47" count="2" type="stmt"/>
        <line num="61" count="2" type="cond" truecount="0" falsecount="1"/>
        <line num="62" count="0" type="stmt"/>
        <line num="65" count="2" type="cond" truecount="0" falsecount="1"/>
        <line num="66" count="0" type="stmt"/>
        <line num="69" count="2" type="cond" truecount="0" falsecount="1"/>
        <line num="70" count="0" type="stmt"/>
        <line num="73" count="2" type="stmt"/>
        <line num="75" count="2" type="stmt"/>
        <line num="79" count="55" type="stmt"/>
        <line num="82" count="55" type="stmt"/>
        <line num="84" count="55" type="cond" truecount="1" falsecount="0"/>
        <line num="86" count="42" type="stmt"/>
        <line num="89" count="13" type="cond" truecount="2" falsecount="0"/>
        <line num="90" count="12" type="stmt"/>
        <line num="100" count="1" type="stmt"/>
        <line num="114" count="12" type="stmt"/>
        <line num="115" count="12" type="stmt"/>
        <line num="119" count="2" type="stmt"/>
        <line num="120" count="2" type="stmt"/>
        <line num="124" count="2" type="stmt"/>
        <line num="126" count="2" type="cond" truecount="1" falsecount="0"/>
        <line num="127" count="2" type="cond" truecount="0" falsecount="1"/>
        <line num="128" count="0" type="stmt"/>
        <line num="131" count="2" type="stmt"/>
        <line num="134" count="0" type="stmt"/>
        <line num="138" count="2" type="stmt"/>
        <line num="139" count="2" type="stmt"/>
        <line num="141" count="2" type="cond" truecount="1" falsecount="0"/>
        <line num="142" count="2" type="stmt"/>
        <line num="143" count="0" type="stmt"/>
        <line num="147" count="2" type="stmt"/>
        <line num="151" count="2" type="stmt"/>
        <line num="152" count="2" type="stmt"/>
        <line num="154" count="2" type="cond" truecount="1" falsecount="0"/>
        <line num="155" count="2" type="stmt"/>
        <line num="158" count="2" type="stmt"/>
        <line num="162" count="2" type="stmt"/>
        <line num="163" count="2" type="stmt"/>
        <line num="165" count="2" type="cond" truecount="1" falsecount="0"/>
        <line num="166" count="2" type="stmt"/>
        <line num="167" count="0" type="stmt"/>
        <line num="171" count="2" type="stmt"/>
      </file>
      <file name="flawfinder.ts" path="/home/runner/work/vscode-c-cpp-flylint/vscode-c-cpp-flylint/server/src/linters/flawfinder.ts">
        <metrics statements="21" coveredstatements="21" conditionals="5" coveredconditionals="4" methods="4" coveredmethods="4"/>
        <line num="5" count="7" type="stmt"/>
        <line num="6" count="7" type="stmt"/>
        <line num="8" count="7" type="stmt"/>
        <line num="9" count="7" type="stmt"/>
        <line num="11" count="7" type="stmt"/>
        <line num="13" count="6" type="stmt"/>
        <line num="14" count="6" type="stmt"/>
        <line num="16" count="6" type="stmt"/>
        <line num="17" count="6" type="stmt"/>
        <line num="21" count="2" type="stmt"/>
        <line num="27" count="2" type="stmt"/>
        <line num="29" count="2" type="stmt"/>
        <line num="33" count="4" type="stmt"/>
        <line num="36" count="4" type="stmt"/>
        <line num="38" count="4" type="cond" truecount="1" falsecount="0"/>
        <line num="40" count="2" type="stmt"/>
        <line num="43" count="2" type="cond" truecount="2" falsecount="0"/>
        <line num="44" count="1" type="stmt"/>
        <line num="54" count="1" type="stmt"/>
        <line num="68" count="1" type="stmt"/>
        <line num="69" count="1" type="stmt"/>
      </file>
      <file name="flexelint.ts" path="/home/runner/work/vscode-c-cpp-flylint/vscode-c-cpp-flylint/server/src/linters/flexelint.ts">
        <metrics statements="38" coveredstatements="34" conditionals="16" coveredconditionals="14" methods="6" coveredmethods="6"/>
        <line num="5" count="7" type="stmt"/>
        <line num="6" count="7" type="stmt"/>
        <line num="7" count="7" type="stmt"/>
        <line num="8" count="7" type="stmt"/>
        <line num="10" count="7" type="stmt"/>
        <line num="11" count="7" type="stmt"/>
        <line num="13" count="7" type="stmt"/>
        <line num="15" count="10" type="stmt"/>
        <line num="16" count="10" type="stmt"/>
        <line num="18" count="10" type="stmt"/>
        <line num="19" count="10" type="stmt"/>
        <line num="20" count="10" type="stmt"/>
        <line num="24" count="2" type="stmt"/>
        <line num="35" count="2" type="cond" truecount="1" falsecount="0"/>
        <line num="36" count="1" type="stmt"/>
        <line num="38" count="1" type="cond" truecount="1" falsecount="1"/>
        <line num="39" count="0" type="stmt"/>
        <line num="41" count="1" type="stmt"/>
        <line num="42" count="7" type="stmt"/>
        <line num="47" count="2" type="stmt"/>
        <line num="49" count="2" type="stmt"/>
        <line num="53" count="7" type="cond" truecount="1" falsecount="0"/>
        <line num="54" count="7" type="cond" truecount="5" falsecount="1"/>
        <line num="55" count="0" type="stmt"/>
        <line num="56" count="0" type="stmt"/>
        <line num="57" count="0" type="stmt"/>
        <line num="58" count="7" type="cond" truecount="3" falsecount="0"/>
        <line num="59" count="4" type="stmt"/>
        <line num="63" count="7" type="stmt"/>
        <line num="67" count="16" type="stmt"/>
        <line num="70" count="16" type="stmt"/>
        <line num="72" count="16" type="cond" truecount="1" falsecount="0"/>
        <line num="74" count="5" type="stmt"/>
        <line num="77" count="11" type="cond" truecount="2" falsecount="0"/>
        <line num="78" count="10" type="stmt"/>
        <line num="88" count="1" type="stmt"/>
        <line num="102" count="10" type="stmt"/>
        <line num="103" count="10" type="stmt"/>
      </file>
      <file name="linter.ts" path="/home/runner/work/vscode-c-cpp-flylint/vscode-c-cpp-flylint/server/src/linters/linter.ts">
        <metrics statements="178" coveredstatements="127" conditionals="64" coveredconditionals="31" methods="46" coveredmethods="34"/>
        <line num="6" count="7" type="stmt"/>
        <line num="7" count="7" type="stmt"/>
        <line num="8" count="7" type="stmt"/>
        <line num="9" count="7" type="stmt"/>
        <line num="12" count="7" type="stmt"/>
        <line num="13" count="7" type="stmt"/>
        <line num="16" count="7" type="stmt"/>
        <line num="17" count="7" type="stmt"/>
        <line num="24" count="7" type="stmt"/>
        <line num="26" count="7" type="cond" truecount="2" falsecount="0"/>
        <line num="27" count="7" type="stmt"/>
        <line num="28" count="7" type="stmt"/>
        <line num="29" count="7" type="stmt"/>
        <line num="32" count="7" type="stmt"/>
        <line num="33" count="0" type="cond" truecount="0" falsecount="4"/>
        <line num="34" count="0" type="stmt"/>
        <line num="35" count="0" type="stmt"/>
        <line num="36" count="0" type="stmt"/>
        <line num="38" count="0" type="stmt"/>
        <line num="42" count="7" type="stmt"/>
        <line num="43" count="0" type="cond" truecount="0" falsecount="4"/>
        <line num="44" count="0" type="stmt"/>
        <line num="45" count="0" type="stmt"/>
        <line num="46" count="0" type="stmt"/>
        <line num="48" count="0" type="stmt"/>
        <line num="52" count="7" type="stmt"/>
        <line num="53" count="12" type="stmt"/>
        <line num="56" count="12" type="cond" truecount="1" falsecount="0"/>
        <line num="62" count="0" type="stmt"/>
        <line num="68" count="12" type="cond" truecount="1" falsecount="0"/>
        <line num="69" count="12" type="stmt"/>
        <line num="72" count="12" type="stmt"/>
        <line num="76" count="12" type="stmt"/>
        <line num="80" count="12" type="stmt"/>
        <line num="84" count="7" type="stmt"/>
        <line num="90" count="49" type="stmt"/>
        <line num="91" count="49" type="stmt"/>
        <line num="100" count="49" type="stmt"/>
        <line num="101" count="49" type="stmt"/>
        <line num="102" count="49" type="stmt"/>
        <line num="103" count="49" type="stmt"/>
        <line num="104" count="49" type="stmt"/>
        <line num="105" count="49" type="stmt"/>
        <line num="106" count="49" type="stmt"/>
        <line num="107" count="49" type="stmt"/>
        <line num="108" count="49" type="stmt"/>
        <line num="109" count="49" type="stmt"/>
        <line num="110" count="49" type="stmt"/>
        <line num="114" count="49" type="stmt"/>
        <line num="115" count="245" type="cond" truecount="3" falsecount="0"/>
        <line num="120" count="49" type="stmt"/>
        <line num="121" count="245" type="cond" truecount="1" falsecount="0"/>
        <line num="122" count="90" type="cond" truecount="3" falsecount="0"/>
        <line num="123" count="90" type="stmt"/>
        <line num="127" count="155" type="stmt"/>
        <line num="130" count="49" type="stmt"/>
        <line num="131" count="49" type="stmt"/>
        <line num="132" count="49" type="stmt"/>
        <line num="133" count="49" type="stmt"/>
        <line num="134" count="49" type="stmt"/>
        <line num="138" count="27" type="stmt"/>
        <line num="142" count="9" type="stmt"/>
        <line num="146" count="0" type="stmt"/>
        <line num="150" count="12" type="stmt"/>
        <line num="154" count="6" type="stmt"/>
        <line num="158" count="2" type="stmt"/>
        <line num="162" count="6" type="stmt"/>
        <line num="166" count="0" type="stmt"/>
        <line num="169" count="0" type="stmt"/>
        <line num="173" count="12" type="cond" truecount="0" falsecount="1"/>
        <line num="174" count="0" type="stmt"/>
        <line num="177" count="12" type="stmt"/>
        <line num="179" count="6" type="stmt"/>
        <line num="181" count="6" type="stmt"/>
        <line num="186" count="12" type="stmt"/>
        <line num="187" count="12" type="stmt"/>
        <line num="189" count="12" type="stmt"/>
        <line num="191" count="12" type="stmt"/>
        <line num="192" count="12" type="cond" truecount="2" falsecount="0"/>
        <line num="193" count="6" type="stmt"/>
        <line num="195" count="6" type="cond" truecount="0" falsecount="1"/>
        <line num="196" count="0" type="stmt"/>
        <line num="199" count="6" type="stmt"/>
        <line num="202" count="6" type="stmt"/>
        <line num="209" count="6" type="cond" truecount="1" falsecount="0"/>
        <line num="210" count="4" type="stmt"/>
        <line num="213" count="2" type="stmt"/>
        <line num="215" count="2" type="stmt"/>
        <line num="217" count="2" type="stmt"/>
        <line num="219" count="2" type="stmt"/>
        <line num="222" count="0" type="stmt"/>
        <line num="224" count="0" type="stmt"/>
        <line num="226" count="0" type="stmt"/>
        <line num="231" count="2" type="stmt"/>
        <line num="232" count="2" type="stmt"/>
        <line num="234" count="2" type="stmt"/>
        <line num="235" count="12" type="stmt"/>
        <line num="237" count="12" type="stmt"/>
        <line num="238" count="12" type="cond" truecount="1" falsecount="1"/>
        <line num="239" count="0" type="stmt"/>
        <line num="241" count="12" type="stmt"/>
        <line num="245" count="12" type="stmt"/>
        <line num="246" count="12" type="stmt"/>
        <line num="247" count="2" type="stmt"/>
        <line num="252" count="12" type="stmt"/>
        <line num="255" count="2" type="stmt"/>
        <line num="260" count="14" type="stmt"/>
        <line num="261" count="14" type="stmt"/>
        <line num="262" count="14" type="stmt"/>
        <line num="264" count="14" type="cond" truecount="1" falsecount="1"/>
        <line num="265" count="0" type="stmt"/>
        <line num="266" count="14" type="cond" truecount="1" falsecount="1"/>
        <line num="267" count="0" type="stmt"/>
        <line num="269" count="14" type="stmt"/>
        <line num="274" count="0" type="stmt"/>
        <line num="278" count="0" type="cond" truecount="0" falsecount="2"/>
        <line num="280" count="0" type="cond" truecount="0" falsecount="1"/>
        <line num="281" count="0" type="stmt"/>
        <line num="284" count="0" type="stmt"/>
        <line num="288" count="0" type="cond" truecount="0" falsecount="1"/>
        <line num="290" count="0" type="cond" truecount="0" falsecount="2"/>
        <line num="291" count="0" type="cond" truecount="0" falsecount="2"/>
        <line num="292" count="0" type="cond" truecount="0" falsecount="2"/>
        <line num="294" count="0" type="cond" truecount="0" falsecount="1"/>
        <line num="295" count="0" type="stmt"/>
        <line num="296" count="0" type="stmt"/>
        <line num="299" count="0" type="cond" truecount="0" falsecount="1"/>
        <line num="300" count="0" type="stmt"/>
        <line num="303" count="0" type="stmt"/>
        <line num="307" count="165" type="cond" truecount="2" falsecount="0"/>
        <line num="311" count="15" type="stmt"/>
        <line num="312" count="15" type="stmt"/>
        <line num="314" count="15" type="stmt"/>
        <line num="315" count="136" type="cond" truecount="1" falsecount="0"/>
        <line num="316" count="29" type="stmt"/>
        <line num="318" count="29" type="cond" truecount="1" falsecount="0"/>
        <line num="319" count="29" type="stmt"/>
        <line num="323" count="136" type="stmt"/>
        <line num="324" count="136" type="cond" truecount="1" falsecount="0"/>
        <line num="326" count="75" type="cond" truecount="0" falsecount="1"/>
        <line num="327" count="0" type="cond" truecount="0" falsecount="2"/>
        <line num="328" count="0" type="stmt"/>
        <line num="329" count="0" type="stmt"/>
        <line num="331" count="0" type="stmt"/>
        <line num="335" count="75" type="stmt"/>
        <line num="337" count="75" type="cond" truecount="3" falsecount="0"/>
        <line num="339" count="58" type="stmt"/>
        <line num="342" count="75" type="stmt"/>
        <line num="346" count="15" type="cond" truecount="1" falsecount="0"/>
        <line num="348" count="12" type="stmt"/>
        <line num="351" count="15" type="stmt"/>
        <line num="355" count="35" type="stmt"/>
        <line num="359" count="0" type="stmt"/>
        <line num="363" count="5" type="stmt"/>
        <line num="364" count="5" type="stmt"/>
        <line num="368" count="5" type="stmt"/>
        <line num="369" count="5" type="stmt"/>
        <line num="371" count="5" type="cond" truecount="1" falsecount="0"/>
        <line num="372" count="5" type="stmt"/>
        <line num="373" count="0" type="stmt"/>
        <line num="374" count="0" type="cond" truecount="0" falsecount="2"/>
        <line num="375" count="0" type="stmt"/>
        <line num="377" count="0" type="stmt"/>
        <line num="378" count="0" type="stmt"/>
        <line num="383" count="5" type="stmt"/>
        <line num="387" count="24" type="stmt"/>
        <line num="388" count="24" type="stmt"/>
        <line num="389" count="14" type="cond" truecount="0" falsecount="1"/>
        <line num="390" count="0" type="stmt"/>
        <line num="392" count="14" type="stmt"/>
        <line num="393" count="14" type="cond" truecount="1" falsecount="1"/>
        <line num="394" count="0" type="stmt"/>
        <line num="396" count="14" type="cond" truecount="1" falsecount="1"/>
        <line num="397" count="14" type="stmt"/>
        <line num="399" count="0" type="stmt"/>
        <line num="400" count="0" type="stmt"/>
        <line num="405" count="24" type="cond" truecount="2" falsecount="0"/>
        <line num="407" count="24" type="stmt"/>
      </file>
      <file name="lizard.ts" path="/home/runner/work/vscode-c-cpp-flylint/vscode-c-cpp-flylint/server/src/linters/lizard.ts">
        <metrics statements="18" coveredstatements="18" conditionals="5" coveredconditionals="5" methods="3" coveredmethods="3"/>
        <line num="6" count="7" type="stmt"/>
        <line num="8" count="7" type="stmt"/>
        <line num="9" count="7" type="stmt"/>
        <line num="11" count="7" type="stmt"/>
        <line num="13" count="6" type="stmt"/>
        <line num="14" count="6" type="stmt"/>
        <line num="16" count="6" type="stmt"/>
        <line num="17" count="6" type="stmt"/>
        <line num="21" count="2" type="stmt"/>
        <line num="25" count="2" type="stmt"/>
        <line num="27" count="2" type="stmt"/>
        <line num="31" count="6" type="stmt"/>
        <line num="33" count="6" type="stmt"/>
        <line num="35" count="6" type="cond" truecount="1" falsecount="0"/>
        <line num="37" count="1" type="stmt"/>
        <line num="40" count="5" type="cond" truecount="2" falsecount="0"/>
        <line num="41" count="4" type="stmt"/>
        <line num="51" count="1" type="stmt"/>
      </file>
      <file name="pclintplus.ts" path="/home/runner/work/vscode-c-cpp-flylint/vscode-c-cpp-flylint/server/src/linters/pclintplus.ts">
        <metrics statements="51" coveredstatements="47" conditionals="14" coveredconditionals="12" methods="7" coveredmethods="7"/>
        <line num="5" count="7" type="stmt"/>
        <line num="6" count="7" type="stmt"/>
        <line num="7" count="7" type="stmt"/>
        <line num="8" count="7" type="stmt"/>
        <line num="10" count="7" type="stmt"/>
        <line num="11" count="7" type="stmt"/>
        <line num="19" count="7" type="stmt"/>
        <line num="20" count="9" type="stmt"/>
        <line num="23" count="9" type="stmt"/>
        <line num="24" count="9" type="stmt"/>
        <line num="26" count="9" type="stmt"/>
        <line num="27" count="9" type="stmt"/>
        <line num="28" count="9" type="stmt"/>
        <line num="32" count="2" type="stmt"/>
        <line num="43" count="2" type="cond" truecount="1" falsecount="0"/>
        <line num="44" count="1" type="stmt"/>
        <line num="46" count="1" type="cond" truecount="1" falsecount="1"/>
        <line num="47" count="0" type="stmt"/>
        <line num="49" count="1" type="stmt"/>
        <line num="50" count="7" type="stmt"/>
        <line num="55" count="2" type="stmt"/>
        <line num="57" count="2" type="stmt"/>
        <line num="61" count="44" type="stmt"/>
        <line num="64" count="44" type="stmt"/>
        <line num="65" count="44" type="cond" truecount="1" falsecount="0"/>
        <line num="67" count="10" type="stmt"/>
        <line num="70" count="34" type="cond" truecount="2" falsecount="0"/>
        <line num="71" count="51" type="cond" truecount="2" falsecount="0"/>
        <line num="72" count="9" type="cond" truecount="2" falsecount="0"/>
        <line num="73" count="3" type="stmt"/>
        <line num="74" count="3" type="stmt"/>
        <line num="75" count="3" type="stmt"/>
        <line num="77" count="6" type="stmt"/>
        <line num="78" count="6" type="stmt"/>
        <line num="79" count="6" type="stmt"/>
        <line num="81" count="9" type="stmt"/>
        <line num="91" count="24" type="cond" truecount="1" falsecount="1"/>
        <line num="92" count="0" type="stmt"/>
        <line num="93" count="0" type="stmt"/>
        <line num="94" count="0" type="stmt"/>
        <line num="96" count="24" type="stmt"/>
        <line num="97" count="24" type="stmt"/>
        <line num="98" count="24" type="stmt"/>
        <line num="100" count="24" type="stmt"/>
        <line num="111" count="1" type="stmt"/>
        <line num="125" count="33" type="cond" truecount="1" falsecount="0"/>
        <line num="127" count="33" type="cond" truecount="1" falsecount="0"/>
        <line num="128" count="1" type="stmt"/>
        <line num="132" count="33" type="stmt"/>
        <line num="136" count="33" type="stmt"/>
        <line num="137" count="33" type="stmt"/>
      </file>
    </package>
    <package name="specs">
      <metrics statements="9" coveredstatements="9" conditionals="11" coveredconditionals="7" methods="3" coveredmethods="3"/>
      <file name="mock-config.ts" path="/home/runner/work/vscode-c-cpp-flylint/vscode-c-cpp-flylint/specs/mock-config.ts">
        <metrics statements="2" coveredstatements="2" conditionals="11" coveredconditionals="7" methods="0" coveredmethods="0"/>
        <line num="7" count="7" type="stmt"/>
        <line num="12" count="7" type="stmt"/>
      </file>
      <file name="mock-fs.ts" path="/home/runner/work/vscode-c-cpp-flylint/vscode-c-cpp-flylint/specs/mock-fs.ts">
        <metrics statements="7" coveredstatements="7" conditionals="0" coveredconditionals="0" methods="3" coveredmethods="3"/>
        <line num="5" count="8" type="stmt"/>
        <line num="6" count="8" type="stmt"/>
        <line num="8" count="8" type="stmt"/>
        <line num="9" count="8" type="stmt"/>
        <line num="10" count="51" type="stmt"/>
        <line num="82" count="8" type="stmt"/>
        <line num="83" count="51" type="stmt"/>
      </file>
    </package>
  </project>
</coverage>
