{"/home/runner/work/vscode-c-cpp-flylint/vscode-c-cpp-flylint/server/src/server.ts": {"path":"/home/runner/work/vscode-c-cpp-flylint/vscode-c-cpp-flylint/server/src/server.ts","statementMap":{"0":{"start":{"line":5,"column":0},"end":{"line":5,"column":43}},"1":{"start":{"line":6,"column":0},"end":{"line":6,"column":null}},"2":{"start":{"line":20,"column":0},"end":{"line":20,"column":null}},"3":{"start":{"line":24,"column":0},"end":{"line":24,"column":33}},"4":{"start":{"line":25,"column":0},"end":{"line":25,"column":25}},"5":{"start":{"line":26,"column":0},"end":{"line":26,"column":29}},"6":{"start":{"line":27,"column":0},"end":{"line":27,"column":27}},"7":{"start":{"line":28,"column":0},"end":{"line":28,"column":28}},"8":{"start":{"line":29,"column":0},"end":{"line":29,"column":34}},"9":{"start":{"line":31,"column":0},"end":{"line":31,"column":91}},"10":{"start":{"line":32,"column":0},"end":{"line":32,"column":66}},"11":{"start":{"line":33,"column":0},"end":{"line":33,"column":58}},"12":{"start":{"line":35,"column":0},"end":{"line":35,"column":40}},"13":{"start":{"line":36,"column":0},"end":{"line":36,"column":46}},"14":{"start":{"line":37,"column":0},"end":{"line":37,"column":50}},"15":{"start":{"line":38,"column":0},"end":{"line":38,"column":48}},"16":{"start":{"line":39,"column":0},"end":{"line":39,"column":50}},"17":{"start":{"line":40,"column":0},"end":{"line":40,"column":42}},"18":{"start":{"line":43,"column":13},"end":{"line":43,"column":42}},"19":{"start":{"line":46,"column":13},"end":{"line":46,"column":45}},"20":{"start":{"line":48,"column":28},"end":{"line":48,"column":72}},"21":{"start":{"line":51,"column":31},"end":{"line":51,"column":109}},"22":{"start":{"line":54,"column":45},"end":{"line":54,"column":76}},"23":{"start":{"line":57,"column":33},"end":{"line":57,"column":38}},"24":{"start":{"line":63,"column":56},"end":{"line":63,"column":65}},"25":{"start":{"line":66,"column":55},"end":{"line":66,"column":64}},"26":{"start":{"line":69,"column":44},"end":{"line":69,"column":53}},"27":{"start":{"line":73,"column":0},"end":{"line":73,"column":null}},"28":{"start":{"line":74,"column":17},"end":{"line":74,"column":87}},"29":{"start":{"line":75,"column":17},"end":{"line":75,"column":77}},"30":{"start":{"line":80,"column":4},"end":{"line":80,"column":28}},"31":{"start":{"line":81,"column":4},"end":{"line":81,"column":29}},"32":{"start":{"line":82,"column":4},"end":{"line":82,"column":29}},"33":{"start":{"line":86,"column":0},"end":{"line":114,"column":3}},"34":{"start":{"line":87,"column":23},"end":{"line":87,"column":42}},"35":{"start":{"line":89,"column":4},"end":{"line":89,"column":102}},"36":{"start":{"line":91,"column":4},"end":{"line":113,"column":6}},"37":{"start":{"line":116,"column":0},"end":{"line":123,"column":3}},"38":{"start":{"line":116,"column":36},"end":{"line":123,"column":2}},"39":{"start":{"line":117,"column":4},"end":{"line":122,"column":null}},"40":{"start":{"line":118,"column":8},"end":{"line":121,"column":10}},"41":{"start":{"line":125,"column":15},"end":{"line":125,"column":20}},"42":{"start":{"line":127,"column":0},"end":{"line":135,"column":3}},"43":{"start":{"line":127,"column":51},"end":{"line":135,"column":2}},"44":{"start":{"line":128,"column":4},"end":{"line":132,"column":null}},"45":{"start":{"line":129,"column":8},"end":{"line":129,"column":21}},"46":{"start":{"line":131,"column":8},"end":{"line":131,"column":84}},"47":{"start":{"line":134,"column":4},"end":{"line":134,"column":49}},"48":{"start":{"line":137,"column":0},"end":{"line":142,"column":3}},"49":{"start":{"line":137,"column":58},"end":{"line":142,"column":2}},"50":{"start":{"line":138,"column":4},"end":{"line":138,"column":20}},"51":{"start":{"line":141,"column":4},"end":{"line":141,"column":49}},"52":{"start":{"line":145,"column":0},"end":{"line":147,"column":3}},"53":{"start":{"line":146,"column":4},"end":{"line":146,"column":21}},"54":{"start":{"line":149,"column":0},"end":{"line":163,"column":3}},"55":{"start":{"line":149,"column":59},"end":{"line":163,"column":2}},"56":{"start":{"line":151,"column":4},"end":{"line":151,"column":93}},"57":{"start":{"line":153,"column":19},"end":{"line":153,"column":69}},"58":{"start":{"line":155,"column":29},"end":{"line":155,"column":49}},"59":{"start":{"line":156,"column":4},"end":{"line":160,"column":null}},"60":{"start":{"line":158,"column":8},"end":{"line":158,"column":87}},"61":{"start":{"line":159,"column":8},"end":{"line":159,"column":15}},"62":{"start":{"line":162,"column":4},"end":{"line":162,"column":49}},"63":{"start":{"line":166,"column":29},"end":{"line":166,"column":48}},"64":{"start":{"line":167,"column":35},"end":{"line":167,"column":53}},"65":{"start":{"line":169,"column":44},"end":{"line":169,"column":92}},"66":{"start":{"line":170,"column":25},"end":{"line":170,"column":27}},"67":{"start":{"line":172,"column":4},"end":{"line":192,"column":null}},"68":{"start":{"line":174,"column":8},"end":{"line":176,"column":11}},"69":{"start":{"line":175,"column":12},"end":{"line":175,"column":81}},"70":{"start":{"line":179,"column":8},"end":{"line":188,"column":11}},"71":{"start":{"line":180,"column":35},"end":{"line":180,"column":51}},"72":{"start":{"line":181,"column":41},"end":{"line":181,"column":57}},"73":{"start":{"line":184,"column":12},"end":{"line":187,"column":null}},"74":{"start":{"line":186,"column":16},"end":{"line":186,"column":54}},"75":{"start":{"line":191,"column":8},"end":{"line":191,"column":62}},"76":{"start":{"line":194,"column":4},"end":{"line":194,"column":18}},"77":{"start":{"line":198,"column":4},"end":{"line":200,"column":null}},"78":{"start":{"line":199,"column":8},"end":{"line":199,"column":47}},"79":{"start":{"line":202,"column":49},"end":{"line":202,"column":79}},"80":{"start":{"line":203,"column":4},"end":{"line":208,"column":null}},"81":{"start":{"line":204,"column":36},"end":{"line":204,"column":68}},"82":{"start":{"line":205,"column":55},"end":{"line":205,"column":163}},"83":{"start":{"line":205,"column":127},"end":{"line":205,"column":162}},"84":{"start":{"line":206,"column":8},"end":{"line":206,"column":57}},"85":{"start":{"line":206,"column":42},"end":{"line":206,"column":55}},"86":{"start":{"line":207,"column":8},"end":{"line":207,"column":47}},"87":{"start":{"line":210,"column":4},"end":{"line":210,"column":19}},"88":{"start":{"line":214,"column":28},"end":{"line":214,"column":30}},"89":{"start":{"line":216,"column":4},"end":{"line":216,"column":null}},"90":{"start":{"line":216,"column":40},"end":{"line":216,"column":126}},"91":{"start":{"line":217,"column":4},"end":{"line":217,"column":null}},"92":{"start":{"line":217,"column":43},"end":{"line":217,"column":135}},"93":{"start":{"line":218,"column":4},"end":{"line":218,"column":null}},"94":{"start":{"line":218,"column":44},"end":{"line":218,"column":138}},"95":{"start":{"line":219,"column":4},"end":{"line":219,"column":null}},"96":{"start":{"line":219,"column":45},"end":{"line":219,"column":141}},"97":{"start":{"line":220,"column":4},"end":{"line":220,"column":null}},"98":{"start":{"line":220,"column":45},"end":{"line":220,"column":141}},"99":{"start":{"line":221,"column":4},"end":{"line":221,"column":null}},"100":{"start":{"line":221,"column":41},"end":{"line":221,"column":129}},"101":{"start":{"line":223,"column":4},"end":{"line":227,"column":7}},"102":{"start":{"line":224,"column":8},"end":{"line":226,"column":null}},"103":{"start":{"line":225,"column":12},"end":{"line":225,"column":98}},"104":{"start":{"line":229,"column":4},"end":{"line":229,"column":19}},"105":{"start":{"line":233,"column":4},"end":{"line":327,"column":null}},"106":{"start":{"line":234,"column":8},"end":{"line":320,"column":null}},"107":{"start":{"line":235,"column":36},"end":{"line":235,"column":97}},"108":{"start":{"line":236,"column":52},"end":{"line":236,"column":108}},"109":{"start":{"line":237,"column":35},"end":{"line":237,"column":96}},"110":{"start":{"line":237,"column":76},"end":{"line":237,"column":95}},"111":{"start":{"line":239,"column":12},"end":{"line":319,"column":null}},"112":{"start":{"line":241,"column":16},"end":{"line":313,"column":null}},"113":{"start":{"line":242,"column":20},"end":{"line":242,"column":62}},"114":{"start":{"line":243,"column":20},"end":{"line":243,"column":64}},"115":{"start":{"line":245,"column":20},"end":{"line":312,"column":23}},"116":{"start":{"line":247,"column":24},"end":{"line":249,"column":null}},"117":{"start":{"line":248,"column":28},"end":{"line":248,"column":35}},"118":{"start":{"line":250,"column":24},"end":{"line":311,"column":null}},"119":{"start":{"line":251,"column":44},"end":{"line":251,"column":92}},"120":{"start":{"line":252,"column":47},"end":{"line":252,"column":152}},"121":{"start":{"line":254,"column":28},"end":{"line":257,"column":null}},"122":{"start":{"line":256,"column":32},"end":{"line":256,"column":129}},"123":{"start":{"line":259,"column":28},"end":{"line":306,"column":31}},"124":{"start":{"line":260,"column":54},"end":{"line":260,"column":92}},"125":{"start":{"line":262,"column":32},"end":{"line":305,"column":null}},"126":{"start":{"line":263,"column":62},"end":{"line":263,"column":66}},"127":{"start":{"line":266,"column":36},"end":{"line":285,"column":39}},"128":{"start":{"line":267,"column":64},"end":{"line":267,"column":139}},"129":{"start":{"line":268,"column":69},"end":{"line":268,"column":114}},"130":{"start":{"line":270,"column":40},"end":{"line":273,"column":null}},"131":{"start":{"line":272,"column":44},"end":{"line":272,"column":173}},"132":{"start":{"line":275,"column":40},"end":{"line":278,"column":null}},"133":{"start":{"line":277,"column":44},"end":{"line":277,"column":135}},"134":{"start":{"line":281,"column":40},"end":{"line":284,"column":null}},"135":{"start":{"line":283,"column":44},"end":{"line":283,"column":63}},"136":{"start":{"line":287,"column":36},"end":{"line":295,"column":null}},"137":{"start":{"line":288,"column":40},"end":{"line":291,"column":null}},"138":{"start":{"line":290,"column":44},"end":{"line":290,"column":91}},"139":{"start":{"line":293,"column":40},"end":{"line":294,"column":117}},"140":{"start":{"line":298,"column":36},"end":{"line":301,"column":null}},"141":{"start":{"line":300,"column":40},"end":{"line":300,"column":94}},"142":{"start":{"line":303,"column":36},"end":{"line":304,"column":113}},"143":{"start":{"line":310,"column":28},"end":{"line":310,"column":47}},"144":{"start":{"line":315,"column":16},"end":{"line":318,"column":null}},"145":{"start":{"line":316,"column":20},"end":{"line":317,"column":99}},"146":{"start":{"line":324,"column":8},"end":{"line":324,"column":103}},"147":{"start":{"line":326,"column":8},"end":{"line":326,"column":27}},"148":{"start":{"line":329,"column":4},"end":{"line":329,"column":27}},"149":{"start":{"line":232,"column":0},"end":{"line":232,"column":22}},"150":{"start":{"line":333,"column":4},"end":{"line":335,"column":7}},"151":{"start":{"line":333,"column":53},"end":{"line":333,"column":126}},"152":{"start":{"line":334,"column":8},"end":{"line":334,"column":null}},"153":{"start":{"line":334,"column":51},"end":{"line":334,"column":79}},"154":{"start":{"line":334,"column":89},"end":{"line":334,"column":98}},"155":{"start":{"line":339,"column":26},"end":{"line":339,"column":47}},"156":{"start":{"line":340,"column":31},"end":{"line":340,"column":91}},"157":{"start":{"line":342,"column":4},"end":{"line":342,"column":80}},"158":{"start":{"line":346,"column":31},"end":{"line":346,"column":66}},"159":{"start":{"line":348,"column":17},"end":{"line":348,"column":46}},"160":{"start":{"line":349,"column":4},"end":{"line":354,"column":null}},"161":{"start":{"line":350,"column":38},"end":{"line":350,"column":70}},"162":{"start":{"line":352,"column":8},"end":{"line":352,"column":86}},"163":{"start":{"line":353,"column":8},"end":{"line":353,"column":46}},"164":{"start":{"line":356,"column":4},"end":{"line":356,"column":19}},"165":{"start":{"line":360,"column":0},"end":{"line":364,"column":3}},"166":{"start":{"line":361,"column":4},"end":{"line":361,"column":43}},"167":{"start":{"line":362,"column":4},"end":{"line":362,"column":44}},"168":{"start":{"line":363,"column":4},"end":{"line":363,"column":44}},"169":{"start":{"line":367,"column":4},"end":{"line":379,"column":null}},"170":{"start":{"line":369,"column":23},"end":{"line":369,"column":68}},"171":{"start":{"line":371,"column":33},"end":{"line":371,"column":53}},"172":{"start":{"line":372,"column":8},"end":{"line":376,"column":null}},"173":{"start":{"line":374,"column":12},"end":{"line":374,"column":90}},"174":{"start":{"line":375,"column":12},"end":{"line":375,"column":19}},"175":{"start":{"line":378,"column":8},"end":{"line":378,"column":58}},"176":{"start":{"line":383,"column":0},"end":{"line":383,"column":65}},"177":{"start":{"line":385,"column":0},"end":{"line":397,"column":3}},"178":{"start":{"line":385,"column":75},"end":{"line":397,"column":2}},"179":{"start":{"line":387,"column":19},"end":{"line":387,"column":64}},"180":{"start":{"line":389,"column":29},"end":{"line":389,"column":49}},"181":{"start":{"line":390,"column":4},"end":{"line":394,"column":null}},"182":{"start":{"line":392,"column":8},"end":{"line":392,"column":94}},"183":{"start":{"line":393,"column":8},"end":{"line":393,"column":15}},"184":{"start":{"line":396,"column":4},"end":{"line":396,"column":54}},"185":{"start":{"line":399,"column":0},"end":{"line":403,"column":3}},"186":{"start":{"line":399,"column":75},"end":{"line":403,"column":2}},"187":{"start":{"line":400,"column":4},"end":{"line":402,"column":null}},"188":{"start":{"line":401,"column":8},"end":{"line":401,"column":58}},"189":{"start":{"line":406,"column":22},"end":{"line":406,"column":35}},"190":{"start":{"line":408,"column":4},"end":{"line":410,"column":null}},"191":{"start":{"line":409,"column":8},"end":{"line":409,"column":75}},"192":{"start":{"line":414,"column":41},"end":{"line":414,"column":66}},"193":{"start":{"line":415,"column":25},"end":{"line":415,"column":52}},"194":{"start":{"line":416,"column":29},"end":{"line":416,"column":43}},"195":{"start":{"line":417,"column":31},"end":{"line":417,"column":74}},"196":{"start":{"line":418,"column":34},"end":{"line":418,"column":74}},"197":{"start":{"line":420,"column":31},"end":{"line":420,"column":72}},"198":{"start":{"line":421,"column":4},"end":{"line":425,"column":null}},"199":{"start":{"line":423,"column":8},"end":{"line":423,"column":64}},"200":{"start":{"line":424,"column":8},"end":{"line":424,"column":15}},"201":{"start":{"line":427,"column":4},"end":{"line":435,"column":null}},"202":{"start":{"line":433,"column":8},"end":{"line":433,"column":83}},"203":{"start":{"line":434,"column":8},"end":{"line":434,"column":15}},"204":{"start":{"line":437,"column":4},"end":{"line":442,"column":null}},"205":{"start":{"line":440,"column":8},"end":{"line":440,"column":83}},"206":{"start":{"line":441,"column":8},"end":{"line":441,"column":15}},"207":{"start":{"line":445,"column":19},"end":{"line":445,"column":62}},"208":{"start":{"line":448,"column":18},"end":{"line":448,"column":60}},"209":{"start":{"line":449,"column":4},"end":{"line":457,"column":null}},"210":{"start":{"line":451,"column":8},"end":{"line":451,"column":101}},"211":{"start":{"line":454,"column":8},"end":{"line":454,"column":39}},"212":{"start":{"line":456,"column":8},"end":{"line":456,"column":15}},"213":{"start":{"line":460,"column":26},"end":{"line":460,"column":46}},"214":{"start":{"line":461,"column":22},"end":{"line":461,"column":60}},"215":{"start":{"line":462,"column":4},"end":{"line":476,"column":null}},"216":{"start":{"line":463,"column":8},"end":{"line":466,"column":null}},"217":{"start":{"line":465,"column":12},"end":{"line":465,"column":131}},"218":{"start":{"line":468,"column":8},"end":{"line":475,"column":null}},"219":{"start":{"line":469,"column":12},"end":{"line":472,"column":null}},"220":{"start":{"line":471,"column":16},"end":{"line":471,"column":138}},"221":{"start":{"line":474,"column":12},"end":{"line":474,"column":19}},"222":{"start":{"line":478,"column":4},"end":{"line":483,"column":null}},"223":{"start":{"line":480,"column":8},"end":{"line":480,"column":53}},"224":{"start":{"line":482,"column":8},"end":{"line":482,"column":80}},"225":{"start":{"line":485,"column":22},"end":{"line":485,"column":36}},"226":{"start":{"line":486,"column":4},"end":{"line":486,"column":68}},"227":{"start":{"line":488,"column":36},"end":{"line":488,"column":89}},"228":{"start":{"line":490,"column":54},"end":{"line":490,"column":85}},"229":{"start":{"line":492,"column":25},"end":{"line":492,"column":63}},"230":{"start":{"line":493,"column":35},"end":{"line":493,"column":72}},"231":{"start":{"line":496,"column":34},"end":{"line":496,"column":54}},"232":{"start":{"line":499,"column":4},"end":{"line":499,"column":58}},"233":{"start":{"line":501,"column":24},"end":{"line":501,"column":29}},"234":{"start":{"line":503,"column":4},"end":{"line":551,"column":7}},"235":{"start":{"line":504,"column":8},"end":{"line":550,"column":null}},"236":{"start":{"line":505,"column":25},"end":{"line":505,"column":89}},"237":{"start":{"line":507,"column":12},"end":{"line":547,"column":null}},"238":{"start":{"line":508,"column":48},"end":{"line":508,"column":50}},"239":{"start":{"line":509,"column":42},"end":{"line":509,"column":44}},"240":{"start":{"line":510,"column":24},"end":{"line":510,"column":37}},"241":{"start":{"line":512,"column":16},"end":{"line":537,"column":null}},"242":{"start":{"line":513,"column":50},"end":{"line":513,"column":59}},"243":{"start":{"line":515,"column":20},"end":{"line":518,"column":null}},"244":{"start":{"line":516,"column":24},"end":{"line":516,"column":44}},"245":{"start":{"line":517,"column":24},"end":{"line":517,"column":33}},"246":{"start":{"line":520,"column":45},"end":{"line":520,"column":96}},"247":{"start":{"line":522,"column":20},"end":{"line":524,"column":null}},"248":{"start":{"line":523,"column":24},"end":{"line":523,"column":57}},"249":{"start":{"line":526,"column":20},"end":{"line":528,"column":null}},"250":{"start":{"line":527,"column":24},"end":{"line":527,"column":33}},"251":{"start":{"line":530,"column":20},"end":{"line":534,"column":null}},"252":{"start":{"line":531,"column":24},"end":{"line":531,"column":77}},"253":{"start":{"line":533,"column":24},"end":{"line":533,"column":68}},"254":{"start":{"line":536,"column":20},"end":{"line":536,"column":40}},"255":{"start":{"line":539,"column":37},"end":{"line":539,"column":69}},"256":{"start":{"line":540,"column":16},"end":{"line":540,"column":133}},"257":{"start":{"line":540,"column":66},"end":{"line":540,"column":129}},"258":{"start":{"line":542,"column":16},"end":{"line":546,"column":null}},"259":{"start":{"line":543,"column":20},"end":{"line":543,"column":113}},"260":{"start":{"line":545,"column":20},"end":{"line":545,"column":68}},"261":{"start":{"line":549,"column":12},"end":{"line":549,"column":58}},"262":{"start":{"line":553,"column":4},"end":{"line":553,"column":33}},"263":{"start":{"line":555,"column":34},"end":{"line":586,"column":5}},"264":{"start":{"line":556,"column":30},"end":{"line":556,"column":68}},"265":{"start":{"line":557,"column":40},"end":{"line":557,"column":55}},"266":{"start":{"line":558,"column":38},"end":{"line":558,"column":77}},"267":{"start":{"line":560,"column":8},"end":{"line":585,"column":null}},"268":{"start":{"line":561,"column":38},"end":{"line":561,"column":42}},"269":{"start":{"line":564,"column":12},"end":{"line":577,"column":15}},"270":{"start":{"line":565,"column":45},"end":{"line":565,"column":73}},"271":{"start":{"line":567,"column":16},"end":{"line":570,"column":null}},"272":{"start":{"line":569,"column":20},"end":{"line":569,"column":111}},"273":{"start":{"line":573,"column":16},"end":{"line":576,"column":null}},"274":{"start":{"line":575,"column":20},"end":{"line":575,"column":39}},"275":{"start":{"line":579,"column":12},"end":{"line":584,"column":null}},"276":{"start":{"line":580,"column":26},"end":{"line":580,"column":51}},"277":{"start":{"line":582,"column":16},"end":{"line":582,"column":85}},"278":{"start":{"line":583,"column":16},"end":{"line":583,"column":81}},"279":{"start":{"line":589,"column":4},"end":{"line":591,"column":null}},"280":{"start":{"line":590,"column":8},"end":{"line":590,"column":83}},"281":{"start":{"line":594,"column":22},"end":{"line":594,"column":51}},"282":{"start":{"line":595,"column":4},"end":{"line":597,"column":null}},"283":{"start":{"line":596,"column":8},"end":{"line":596,"column":74}},"284":{"start":{"line":600,"column":4},"end":{"line":600,"column":43}},"285":{"start":{"line":602,"column":4},"end":{"line":604,"column":null}},"286":{"start":{"line":603,"column":8},"end":{"line":603,"column":69}},"287":{"start":{"line":606,"column":4},"end":{"line":606,"column":35}},"288":{"start":{"line":611,"column":4},"end":{"line":618,"column":null}},"289":{"start":{"line":612,"column":8},"end":{"line":615,"column":21}},"290":{"start":{"line":617,"column":8},"end":{"line":617,"column":24}},"291":{"start":{"line":621,"column":16},"end":{"line":621,"column":42}},"292":{"start":{"line":622,"column":17},"end":{"line":622,"column":58}},"293":{"start":{"line":623,"column":14},"end":{"line":623,"column":67}},"294":{"start":{"line":624,"column":27},"end":{"line":624,"column":84}},"295":{"start":{"line":625,"column":30},"end":{"line":625,"column":36}},"296":{"start":{"line":626,"column":28},"end":{"line":626,"column":38}},"297":{"start":{"line":628,"column":4},"end":{"line":639,"column":null}},"298":{"start":{"line":629,"column":24},"end":{"line":629,"column":60}},"299":{"start":{"line":632,"column":26},"end":{"line":632,"column":39}},"300":{"start":{"line":633,"column":8},"end":{"line":635,"column":null}},"301":{"start":{"line":634,"column":12},"end":{"line":634,"column":44}},"302":{"start":{"line":638,"column":8},"end":{"line":638,"column":29}},"303":{"start":{"line":641,"column":4},"end":{"line":650,"column":6}},"304":{"start":{"line":654,"column":23},"end":{"line":654,"column":38}},"305":{"start":{"line":655,"column":4},"end":{"line":657,"column":null}},"306":{"start":{"line":656,"column":8},"end":{"line":656,"column":47}},"307":{"start":{"line":659,"column":22},"end":{"line":659,"column":45}},"308":{"start":{"line":660,"column":4},"end":{"line":660,"column":146}},"309":{"start":{"line":663,"column":0},"end":{"line":673,"column":3}},"310":{"start":{"line":664,"column":4},"end":{"line":672,"column":7}},"311":{"start":{"line":664,"column":43},"end":{"line":672,"column":6}},"312":{"start":{"line":665,"column":29},"end":{"line":665,"column":51}},"313":{"start":{"line":667,"column":8},"end":{"line":671,"column":null}},"314":{"start":{"line":668,"column":12},"end":{"line":668,"column":25}},"315":{"start":{"line":670,"column":12},"end":{"line":670,"column":56}},"316":{"start":{"line":675,"column":0},"end":{"line":697,"column":3}},"317":{"start":{"line":675,"column":78},"end":{"line":697,"column":2}},"318":{"start":{"line":676,"column":20},"end":{"line":676,"column":45}},"319":{"start":{"line":678,"column":4},"end":{"line":692,"column":null}},"320":{"start":{"line":679,"column":38},"end":{"line":679,"column":57}},"321":{"start":{"line":681,"column":8},"end":{"line":691,"column":null}},"322":{"start":{"line":682,"column":12},"end":{"line":690,"column":null}},"323":{"start":{"line":683,"column":36},"end":{"line":683,"column":59}},"324":{"start":{"line":685,"column":16},"end":{"line":687,"column":null}},"325":{"start":{"line":686,"column":20},"end":{"line":686,"column":84}},"326":{"start":{"line":689,"column":16},"end":{"line":689,"column":60}},"327":{"start":{"line":694,"column":4},"end":{"line":694,"column":35}},"328":{"start":{"line":696,"column":4},"end":{"line":696,"column":28}},"329":{"start":{"line":699,"column":0},"end":{"line":726,"column":3}},"330":{"start":{"line":699,"column":67},"end":{"line":726,"column":2}},"331":{"start":{"line":700,"column":20},"end":{"line":700,"column":45}},"332":{"start":{"line":702,"column":4},"end":{"line":723,"column":null}},"333":{"start":{"line":703,"column":9},"end":{"line":720,"column":15}},"334":{"start":{"line":704,"column":43},"end":{"line":720,"column":14}},"335":{"start":{"line":705,"column":16},"end":{"line":719,"column":null}},"336":{"start":{"line":706,"column":50},"end":{"line":706,"column":69}},"337":{"start":{"line":708,"column":20},"end":{"line":718,"column":null}},"338":{"start":{"line":709,"column":24},"end":{"line":717,"column":null}},"339":{"start":{"line":710,"column":48},"end":{"line":710,"column":71}},"340":{"start":{"line":712,"column":28},"end":{"line":714,"column":null}},"341":{"start":{"line":713,"column":32},"end":{"line":713,"column":75}},"342":{"start":{"line":716,"column":28},"end":{"line":716,"column":72}},"343":{"start":{"line":721,"column":11},"end":{"line":723,"column":null}},"344":{"start":{"line":722,"column":8},"end":{"line":722,"column":52}},"345":{"start":{"line":725,"column":4},"end":{"line":725,"column":35}},"346":{"start":{"line":729,"column":0},"end":{"line":729,"column":29}},"347":{"start":{"line":732,"column":0},"end":{"line":732,"column":20}}},"fnMap":{"0":{"name":"(anonymous_7)","decl":{"start":{"line":73,"column":0},"end":{"line":73,"column":10}},"loc":{"start":{"line":73,"column":20},"end":{"line":76,"column":1}}},"1":{"name":"flushCache","decl":{"start":{"line":79,"column":9},"end":{"line":79,"column":19}},"loc":{"start":{"line":79,"column":19},"end":{"line":83,"column":1}}},"2":{"name":"(anonymous_9)","decl":{"start":{"line":86,"column":24},"end":{"line":86,"column":25}},"loc":{"start":{"line":86,"column":53},"end":{"line":114,"column":1}}},"3":{"name":"(anonymous_10)","decl":{"start":{"line":116,"column":25},"end":{"line":116,"column":34}},"loc":{"start":{"line":116,"column":36},"end":{"line":123,"column":2}}},"4":{"name":"(anonymous_11)","decl":{"start":{"line":116,"column":36},"end":{"line":116,"column":null}},"loc":{"start":{"line":116,"column":36},"end":{"line":123,"column":1}}},"5":{"name":"(anonymous_12)","decl":{"start":{"line":127,"column":36},"end":{"line":127,"column":42}},"loc":{"start":{"line":127,"column":51},"end":{"line":135,"column":2}}},"6":{"name":"(anonymous_13)","decl":{"start":{"line":127,"column":51},"end":{"line":127,"column":null}},"loc":{"start":{"line":127,"column":51},"end":{"line":135,"column":1}}},"7":{"name":"(anonymous_14)","decl":{"start":{"line":137,"column":35},"end":{"line":137,"column":42}},"loc":{"start":{"line":137,"column":58},"end":{"line":142,"column":2}}},"8":{"name":"(anonymous_15)","decl":{"start":{"line":137,"column":58},"end":{"line":137,"column":null}},"loc":{"start":{"line":137,"column":58},"end":{"line":142,"column":1}}},"9":{"name":"(anonymous_16)","decl":{"start":{"line":145,"column":33},"end":{"line":145,"column":36}},"loc":{"start":{"line":145,"column":38},"end":{"line":147,"column":1}}},"10":{"name":"(anonymous_17)","decl":{"start":{"line":149,"column":37},"end":{"line":149,"column":44}},"loc":{"start":{"line":149,"column":59},"end":{"line":163,"column":2}}},"11":{"name":"(anonymous_18)","decl":{"start":{"line":149,"column":59},"end":{"line":149,"column":null}},"loc":{"start":{"line":149,"column":59},"end":{"line":163,"column":1}}},"12":{"name":"getWorkspaceRoot","decl":{"start":{"line":165,"column":15},"end":{"line":165,"column":31}},"loc":{"start":{"line":165,"column":48},"end":{"line":195,"column":null}}},"13":{"name":"(anonymous_21)","decl":{"start":{"line":174,"column":31},"end":{"line":174,"column":32}},"loc":{"start":{"line":174,"column":82},"end":{"line":176,"column":9}}},"14":{"name":"(anonymous_22)","decl":{"start":{"line":179,"column":24},"end":{"line":179,"column":25}},"loc":{"start":{"line":179,"column":28},"end":{"line":188,"column":9}}},"15":{"name":"getDocumentSettings","decl":{"start":{"line":197,"column":15},"end":{"line":197,"column":34}},"loc":{"start":{"line":197,"column":51},"end":{"line":211,"column":null}}},"16":{"name":"(anonymous_25)","decl":{"start":{"line":205,"column":122},"end":{"line":205,"column":123}},"loc":{"start":{"line":205,"column":127},"end":{"line":205,"column":162}}},"17":{"name":"(anonymous_26)","decl":{"start":{"line":206,"column":37},"end":{"line":206,"column":38}},"loc":{"start":{"line":206,"column":42},"end":{"line":206,"column":55}}},"18":{"name":"reconfigureExtension","decl":{"start":{"line":213,"column":15},"end":{"line":213,"column":35}},"loc":{"start":{"line":213,"column":84},"end":{"line":230,"column":null}}},"19":{"name":"(anonymous_29)","decl":{"start":{"line":223,"column":23},"end":{"line":223,"column":24}},"loc":{"start":{"line":223,"column":34},"end":{"line":227,"column":5}}},"20":{"name":"getCppProperties","decl":{"start":{"line":232,"column":22},"end":{"line":232,"column":38}},"loc":{"start":{"line":232,"column":121},"end":{"line":330,"column":null}}},"21":{"name":"(anonymous_32)","decl":{"start":{"line":237,"column":70},"end":{"line":237,"column":72}},"loc":{"start":{"line":237,"column":76},"end":{"line":237,"column":95}}},"22":{"name":"(anonymous_33)","decl":{"start":{"line":245,"column":58},"end":{"line":245,"column":59}},"loc":{"start":{"line":245,"column":76},"end":{"line":312,"column":21}}},"23":{"name":"(anonymous_34)","decl":{"start":{"line":259,"column":49},"end":{"line":259,"column":50}},"loc":{"start":{"line":259,"column":79},"end":{"line":306,"column":29}}},"24":{"name":"(anonymous_35)","decl":{"start":{"line":266,"column":98},"end":{"line":266,"column":99}},"loc":{"start":{"line":266,"column":123},"end":{"line":285,"column":37}}},"25":{"name":"getActiveConfigurationName","decl":{"start":{"line":332,"column":15},"end":{"line":332,"column":41}},"loc":{"start":{"line":332,"column":68},"end":{"line":336,"column":null}}},"26":{"name":"(anonymous_38)","decl":{"start":{"line":333,"column":47},"end":{"line":333,"column":50}},"loc":{"start":{"line":333,"column":53},"end":{"line":333,"column":126}}},"27":{"name":"(anonymous_39)","decl":{"start":{"line":333,"column":133},"end":{"line":333,"column":134}},"loc":{"start":{"line":333,"column":137},"end":{"line":335,"column":5}}},"28":{"name":"getMergedSettings","decl":{"start":{"line":338,"column":9},"end":{"line":338,"column":26}},"loc":{"start":{"line":338,"column":74},"end":{"line":343,"column":1}}},"29":{"name":"getDocumentLinters","decl":{"start":{"line":345,"column":15},"end":{"line":345,"column":33}},"loc":{"start":{"line":345,"column":50},"end":{"line":357,"column":null}}},"30":{"name":"(anonymous_43)","decl":{"start":{"line":360,"column":21},"end":{"line":360,"column":22}},"loc":{"start":{"line":360,"column":25},"end":{"line":364,"column":1}}},"31":{"name":"onChangedContent","decl":{"start":{"line":366,"column":15},"end":{"line":366,"column":31}},"loc":{"start":{"line":366,"column":76},"end":{"line":380,"column":null}}},"32":{"name":"(anonymous_46)","decl":{"start":{"line":385,"column":20},"end":{"line":385,"column":27}},"loc":{"start":{"line":385,"column":75},"end":{"line":397,"column":2}}},"33":{"name":"(anonymous_47)","decl":{"start":{"line":385,"column":75},"end":{"line":385,"column":null}},"loc":{"start":{"line":385,"column":75},"end":{"line":397,"column":1}}},"34":{"name":"(anonymous_48)","decl":{"start":{"line":399,"column":20},"end":{"line":399,"column":27}},"loc":{"start":{"line":399,"column":75},"end":{"line":403,"column":2}}},"35":{"name":"(anonymous_49)","decl":{"start":{"line":399,"column":75},"end":{"line":399,"column":null}},"loc":{"start":{"line":399,"column":75},"end":{"line":403,"column":1}}},"36":{"name":"validateAllDocuments","decl":{"start":{"line":405,"column":15},"end":{"line":405,"column":35}},"loc":{"start":{"line":405,"column":63},"end":{"line":411,"column":null}}},"37":{"name":"validateTextDocument","decl":{"start":{"line":413,"column":15},"end":{"line":413,"column":35}},"loc":{"start":{"line":413,"column":78},"end":{"line":607,"column":null}}},"38":{"name":"(anonymous_54)","decl":{"start":{"line":503,"column":24},"end":{"line":503,"column":30}},"loc":{"start":{"line":503,"column":33},"end":{"line":551,"column":5}}},"39":{"name":"(anonymous_55)","decl":{"start":{"line":540,"column":52},"end":{"line":540,"column":61}},"loc":{"start":{"line":540,"column":62},"end":{"line":540,"column":131}}},"40":{"name":"(anonymous_56)","decl":{"start":{"line":555,"column":34},"end":{"line":555,"column":35}},"loc":{"start":{"line":555,"column":85},"end":{"line":586,"column":5}}},"41":{"name":"(anonymous_57)","decl":{"start":{"line":564,"column":55},"end":{"line":564,"column":56}},"loc":{"start":{"line":564,"column":72},"end":{"line":577,"column":13}}},"42":{"name":"makeDiagnostic","decl":{"start":{"line":609,"column":9},"end":{"line":609,"column":23}},"loc":{"start":{"line":609,"column":79},"end":{"line":651,"column":1}}},"43":{"name":"getErrorMessage","decl":{"start":{"line":653,"column":9},"end":{"line":653,"column":24}},"loc":{"start":{"line":653,"column":59},"end":{"line":661,"column":1}}},"44":{"name":"(anonymous_60)","decl":{"start":{"line":663,"column":35},"end":{"line":663,"column":36}},"loc":{"start":{"line":663,"column":46},"end":{"line":673,"column":1}}},"45":{"name":"(anonymous_61)","decl":{"start":{"line":664,"column":27},"end":{"line":664,"column":33}},"loc":{"start":{"line":664,"column":43},"end":{"line":672,"column":6}}},"46":{"name":"(anonymous_62)","decl":{"start":{"line":664,"column":43},"end":{"line":664,"column":null}},"loc":{"start":{"line":664,"column":43},"end":{"line":672,"column":5}}},"47":{"name":"(anonymous_63)","decl":{"start":{"line":675,"column":39},"end":{"line":675,"column":46}},"loc":{"start":{"line":675,"column":78},"end":{"line":697,"column":2}}},"48":{"name":"(anonymous_64)","decl":{"start":{"line":675,"column":78},"end":{"line":675,"column":null}},"loc":{"start":{"line":675,"column":78},"end":{"line":697,"column":1}}},"49":{"name":"(anonymous_65)","decl":{"start":{"line":699,"column":28},"end":{"line":699,"column":35}},"loc":{"start":{"line":699,"column":67},"end":{"line":726,"column":2}}},"50":{"name":"(anonymous_66)","decl":{"start":{"line":699,"column":67},"end":{"line":699,"column":null}},"loc":{"start":{"line":699,"column":67},"end":{"line":726,"column":1}}},"51":{"name":"(anonymous_67)","decl":{"start":{"line":704,"column":18},"end":{"line":704,"column":25}},"loc":{"start":{"line":704,"column":43},"end":{"line":720,"column":14}}},"52":{"name":"(anonymous_68)","decl":{"start":{"line":704,"column":43},"end":{"line":704,"column":null}},"loc":{"start":{"line":704,"column":43},"end":{"line":720,"column":13}}}},"branchMap":{"0":{"loc":{"start":{"line":73,"column":10},"end":{"line":73,"column":null}},"type":"binary-expr","locations":[{"start":{"line":73,"column":10},"end":{"line":73,"column":20}},{"start":{"line":73,"column":10},"end":{"line":73,"column":null}}]},"1":{"loc":{"start":{"line":89,"column":36},"end":{"line":89,"column":100}},"type":"binary-expr","locations":[{"start":{"line":89,"column":36},"end":{"line":89,"column":58}},{"start":{"line":89,"column":62},"end":{"line":89,"column":100}}]},"2":{"loc":{"start":{"line":117,"column":4},"end":{"line":122,"column":null}},"type":"if","locations":[{"start":{"line":117,"column":4},"end":{"line":122,"column":null}}]},"3":{"loc":{"start":{"line":128,"column":4},"end":{"line":132,"column":null}},"type":"if","locations":[{"start":{"line":128,"column":4},"end":{"line":132,"column":null}},{"start":{"line":130,"column":11},"end":{"line":132,"column":null}}]},"4":{"loc":{"start":{"line":131,"column":36},"end":{"line":131,"column":82}},"type":"binary-expr","locations":[{"start":{"line":131,"column":36},"end":{"line":131,"column":63}},{"start":{"line":131,"column":67},"end":{"line":131,"column":82}}]},"5":{"loc":{"start":{"line":153,"column":44},"end":{"line":153,"column":68}},"type":"cond-expr","locations":[{"start":{"line":153,"column":60},"end":{"line":153,"column":64}},{"start":{"line":153,"column":64},"end":{"line":153,"column":68}}]},"6":{"loc":{"start":{"line":153,"column":44},"end":{"line":153,"column":64}},"type":"binary-expr","locations":[{"start":{"line":153,"column":44},"end":{"line":153,"column":64}},{"start":{"line":153,"column":60},"end":{"line":153,"column":64}}]},"7":{"loc":{"start":{"line":156,"column":4},"end":{"line":160,"column":null}},"type":"if","locations":[{"start":{"line":156,"column":4},"end":{"line":160,"column":null}}]},"8":{"loc":{"start":{"line":172,"column":4},"end":{"line":192,"column":null}},"type":"if","locations":[{"start":{"line":172,"column":4},"end":{"line":192,"column":null}},{"start":{"line":189,"column":11},"end":{"line":192,"column":null}}]},"9":{"loc":{"start":{"line":175,"column":19},"end":{"line":175,"column":80}},"type":"cond-expr","locations":[{"start":{"line":175,"column":37},"end":{"line":175,"column":38}},{"start":{"line":175,"column":42},"end":{"line":175,"column":79}}]},"10":{"loc":{"start":{"line":175,"column":42},"end":{"line":175,"column":79}},"type":"cond-expr","locations":[{"start":{"line":175,"column":73},"end":{"line":175,"column":74}},{"start":{"line":175,"column":77},"end":{"line":175,"column":79}}]},"11":{"loc":{"start":{"line":184,"column":12},"end":{"line":187,"column":null}},"type":"if","locations":[{"start":{"line":184,"column":12},"end":{"line":187,"column":null}}]},"12":{"loc":{"start":{"line":198,"column":4},"end":{"line":200,"column":null}},"type":"if","locations":[{"start":{"line":198,"column":4},"end":{"line":200,"column":null}}]},"13":{"loc":{"start":{"line":203,"column":4},"end":{"line":208,"column":null}},"type":"if","locations":[{"start":{"line":203,"column":4},"end":{"line":208,"column":null}}]},"14":{"loc":{"start":{"line":216,"column":4},"end":{"line":216,"column":null}},"type":"if","locations":[{"start":{"line":216,"column":4},"end":{"line":216,"column":null}}]},"15":{"loc":{"start":{"line":217,"column":4},"end":{"line":217,"column":null}},"type":"if","locations":[{"start":{"line":217,"column":4},"end":{"line":217,"column":null}}]},"16":{"loc":{"start":{"line":218,"column":4},"end":{"line":218,"column":null}},"type":"if","locations":[{"start":{"line":218,"column":4},"end":{"line":218,"column":null}}]},"17":{"loc":{"start":{"line":219,"column":4},"end":{"line":219,"column":null}},"type":"if","locations":[{"start":{"line":219,"column":4},"end":{"line":219,"column":null}}]},"18":{"loc":{"start":{"line":220,"column":4},"end":{"line":220,"column":null}},"type":"if","locations":[{"start":{"line":220,"column":4},"end":{"line":220,"column":null}}]},"19":{"loc":{"start":{"line":221,"column":4},"end":{"line":221,"column":null}},"type":"if","locations":[{"start":{"line":221,"column":4},"end":{"line":221,"column":null}}]},"20":{"loc":{"start":{"line":224,"column":8},"end":{"line":226,"column":null}},"type":"if","locations":[{"start":{"line":224,"column":8},"end":{"line":226,"column":null}}]},"21":{"loc":{"start":{"line":224,"column":12},"end":{"line":224,"column":52}},"type":"binary-expr","locations":[{"start":{"line":224,"column":12},"end":{"line":224,"column":29}},{"start":{"line":224,"column":33},"end":{"line":224,"column":52}}]},"22":{"loc":{"start":{"line":234,"column":8},"end":{"line":320,"column":null}},"type":"if","locations":[{"start":{"line":234,"column":8},"end":{"line":320,"column":null}}]},"23":{"loc":{"start":{"line":239,"column":12},"end":{"line":319,"column":null}},"type":"if","locations":[{"start":{"line":239,"column":12},"end":{"line":319,"column":null}}]},"24":{"loc":{"start":{"line":241,"column":16},"end":{"line":313,"column":null}},"type":"if","locations":[{"start":{"line":241,"column":16},"end":{"line":313,"column":null}}]},"25":{"loc":{"start":{"line":247,"column":24},"end":{"line":249,"column":null}},"type":"if","locations":[{"start":{"line":247,"column":24},"end":{"line":249,"column":null}}]},"26":{"loc":{"start":{"line":254,"column":28},"end":{"line":257,"column":null}},"type":"if","locations":[{"start":{"line":254,"column":28},"end":{"line":257,"column":null}}]},"27":{"loc":{"start":{"line":262,"column":32},"end":{"line":305,"column":null}},"type":"if","locations":[{"start":{"line":262,"column":32},"end":{"line":305,"column":null}},{"start":{"line":296,"column":39},"end":{"line":305,"column":null}}]},"28":{"loc":{"start":{"line":268,"column":84},"end":{"line":268,"column":113}},"type":"binary-expr","locations":[{"start":{"line":268,"column":84},"end":{"line":268,"column":107}},{"start":{"line":268,"column":111},"end":{"line":268,"column":113}}]},"29":{"loc":{"start":{"line":270,"column":40},"end":{"line":273,"column":null}},"type":"if","locations":[{"start":{"line":270,"column":40},"end":{"line":273,"column":null}}]},"30":{"loc":{"start":{"line":275,"column":40},"end":{"line":278,"column":null}},"type":"if","locations":[{"start":{"line":275,"column":40},"end":{"line":278,"column":null}}]},"31":{"loc":{"start":{"line":281,"column":40},"end":{"line":284,"column":null}},"type":"if","locations":[{"start":{"line":281,"column":40},"end":{"line":284,"column":null}}]},"32":{"loc":{"start":{"line":287,"column":36},"end":{"line":295,"column":null}},"type":"if","locations":[{"start":{"line":287,"column":36},"end":{"line":295,"column":null}}]},"33":{"loc":{"start":{"line":288,"column":40},"end":{"line":291,"column":null}},"type":"if","locations":[{"start":{"line":288,"column":40},"end":{"line":291,"column":null}}]},"34":{"loc":{"start":{"line":298,"column":36},"end":{"line":301,"column":null}},"type":"if","locations":[{"start":{"line":298,"column":36},"end":{"line":301,"column":null}}]},"35":{"loc":{"start":{"line":315,"column":16},"end":{"line":318,"column":null}},"type":"if","locations":[{"start":{"line":315,"column":16},"end":{"line":318,"column":null}}]},"36":{"loc":{"start":{"line":334,"column":8},"end":{"line":334,"column":null}},"type":"if","locations":[{"start":{"line":334,"column":8},"end":{"line":334,"column":null}},{"start":{"line":334,"column":87},"end":{"line":334,"column":null}}]},"37":{"loc":{"start":{"line":334,"column":12},"end":{"line":334,"column":47}},"type":"binary-expr","locations":[{"start":{"line":334,"column":12},"end":{"line":334,"column":29}},{"start":{"line":334,"column":33},"end":{"line":334,"column":47}}]},"38":{"loc":{"start":{"line":349,"column":4},"end":{"line":354,"column":null}},"type":"if","locations":[{"start":{"line":349,"column":4},"end":{"line":354,"column":null}}]},"39":{"loc":{"start":{"line":367,"column":4},"end":{"line":379,"column":null}},"type":"if","locations":[{"start":{"line":367,"column":4},"end":{"line":379,"column":null}}]},"40":{"loc":{"start":{"line":372,"column":8},"end":{"line":376,"column":null}},"type":"if","locations":[{"start":{"line":372,"column":8},"end":{"line":376,"column":null}}]},"41":{"loc":{"start":{"line":390,"column":4},"end":{"line":394,"column":null}},"type":"if","locations":[{"start":{"line":390,"column":4},"end":{"line":394,"column":null}}]},"42":{"loc":{"start":{"line":390,"column":8},"end":{"line":390,"column":66}},"type":"binary-expr","locations":[{"start":{"line":390,"column":8},"end":{"line":390,"column":35}},{"start":{"line":390,"column":39},"end":{"line":390,"column":66}}]},"43":{"loc":{"start":{"line":400,"column":4},"end":{"line":402,"column":null}},"type":"if","locations":[{"start":{"line":400,"column":4},"end":{"line":402,"column":null}}]},"44":{"loc":{"start":{"line":406,"column":22},"end":{"line":406,"column":35}},"type":"binary-expr","locations":[{"start":{"line":406,"column":22},"end":{"line":406,"column":29}},{"start":{"line":406,"column":33},"end":{"line":406,"column":35}}]},"45":{"loc":{"start":{"line":408,"column":4},"end":{"line":410,"column":null}},"type":"if","locations":[{"start":{"line":408,"column":4},"end":{"line":410,"column":null}}]},"46":{"loc":{"start":{"line":421,"column":4},"end":{"line":425,"column":null}},"type":"if","locations":[{"start":{"line":421,"column":4},"end":{"line":425,"column":null}}]},"47":{"loc":{"start":{"line":427,"column":4},"end":{"line":435,"column":null}},"type":"if","locations":[{"start":{"line":427,"column":4},"end":{"line":435,"column":null}}]},"48":{"loc":{"start":{"line":427,"column":8},"end":{"line":430,"column":25}},"type":"binary-expr","locations":[{"start":{"line":427,"column":8},"end":{"line":427,"column":35}},{"start":{"line":428,"column":8},"end":{"line":428,"column":30}},{"start":{"line":429,"column":8},"end":{"line":429,"column":30}},{"start":{"line":430,"column":8},"end":{"line":430,"column":25}}]},"49":{"loc":{"start":{"line":437,"column":4},"end":{"line":442,"column":null}},"type":"if","locations":[{"start":{"line":437,"column":4},"end":{"line":442,"column":null}}]},"50":{"loc":{"start":{"line":449,"column":4},"end":{"line":457,"column":null}},"type":"if","locations":[{"start":{"line":449,"column":4},"end":{"line":457,"column":null}}]},"51":{"loc":{"start":{"line":449,"column":8},"end":{"line":449,"column":49}},"type":"binary-expr","locations":[{"start":{"line":449,"column":8},"end":{"line":449,"column":29}},{"start":{"line":449,"column":33},"end":{"line":449,"column":49}}]},"52":{"loc":{"start":{"line":462,"column":4},"end":{"line":476,"column":null}},"type":"if","locations":[{"start":{"line":462,"column":4},"end":{"line":476,"column":null}}]},"53":{"loc":{"start":{"line":463,"column":8},"end":{"line":466,"column":null}},"type":"if","locations":[{"start":{"line":463,"column":8},"end":{"line":466,"column":null}}]},"54":{"loc":{"start":{"line":468,"column":8},"end":{"line":475,"column":null}},"type":"if","locations":[{"start":{"line":468,"column":8},"end":{"line":475,"column":null}}]},"55":{"loc":{"start":{"line":468,"column":12},"end":{"line":468,"column":52}},"type":"binary-expr","locations":[{"start":{"line":468,"column":12},"end":{"line":468,"column":42}},{"start":{"line":468,"column":46},"end":{"line":468,"column":52}}]},"56":{"loc":{"start":{"line":469,"column":12},"end":{"line":472,"column":null}},"type":"if","locations":[{"start":{"line":469,"column":12},"end":{"line":472,"column":null}}]},"57":{"loc":{"start":{"line":478,"column":4},"end":{"line":483,"column":null}},"type":"if","locations":[{"start":{"line":478,"column":4},"end":{"line":483,"column":null}}]},"58":{"loc":{"start":{"line":515,"column":20},"end":{"line":518,"column":null}},"type":"if","locations":[{"start":{"line":515,"column":20},"end":{"line":518,"column":null}}]},"59":{"loc":{"start":{"line":515,"column":24},"end":{"line":515,"column":127}},"type":"binary-expr","locations":[{"start":{"line":515,"column":24},"end":{"line":515,"column":36}},{"start":{"line":515,"column":40},"end":{"line":515,"column":57}},{"start":{"line":515,"column":61},"end":{"line":515,"column":75}},{"start":{"line":515,"column":79},"end":{"line":515,"column":106}},{"start":{"line":515,"column":110},"end":{"line":515,"column":127}}]},"60":{"loc":{"start":{"line":522,"column":20},"end":{"line":524,"column":null}},"type":"if","locations":[{"start":{"line":522,"column":20},"end":{"line":524,"column":null}}]},"61":{"loc":{"start":{"line":526,"column":20},"end":{"line":528,"column":null}},"type":"if","locations":[{"start":{"line":526,"column":20},"end":{"line":528,"column":null}}]},"62":{"loc":{"start":{"line":530,"column":20},"end":{"line":534,"column":null}},"type":"if","locations":[{"start":{"line":530,"column":20},"end":{"line":534,"column":null}},{"start":{"line":532,"column":27},"end":{"line":534,"column":null}}]},"63":{"loc":{"start":{"line":530,"column":24},"end":{"line":530,"column":155}},"type":"binary-expr","locations":[{"start":{"line":530,"column":24},"end":{"line":530,"column":69}},{"start":{"line":530,"column":74},"end":{"line":530,"column":109}},{"start":{"line":530,"column":113},"end":{"line":530,"column":154}}]},"64":{"loc":{"start":{"line":542,"column":16},"end":{"line":546,"column":null}},"type":"if","locations":[{"start":{"line":542,"column":16},"end":{"line":546,"column":null}},{"start":{"line":544,"column":23},"end":{"line":546,"column":null}}]},"65":{"loc":{"start":{"line":560,"column":8},"end":{"line":585,"column":null}},"type":"if","locations":[{"start":{"line":560,"column":8},"end":{"line":585,"column":null}}]},"66":{"loc":{"start":{"line":567,"column":16},"end":{"line":570,"column":null}},"type":"if","locations":[{"start":{"line":567,"column":16},"end":{"line":570,"column":null}}]},"67":{"loc":{"start":{"line":573,"column":16},"end":{"line":576,"column":null}},"type":"if","locations":[{"start":{"line":573,"column":16},"end":{"line":576,"column":null}}]},"68":{"loc":{"start":{"line":579,"column":12},"end":{"line":584,"column":null}},"type":"if","locations":[{"start":{"line":579,"column":12},"end":{"line":584,"column":null}}]},"69":{"loc":{"start":{"line":595,"column":4},"end":{"line":597,"column":null}},"type":"if","locations":[{"start":{"line":595,"column":4},"end":{"line":597,"column":null}}]},"70":{"loc":{"start":{"line":602,"column":4},"end":{"line":604,"column":null}},"type":"if","locations":[{"start":{"line":602,"column":4},"end":{"line":604,"column":null}}]},"71":{"loc":{"start":{"line":611,"column":4},"end":{"line":618,"column":null}},"type":"if","locations":[{"start":{"line":611,"column":4},"end":{"line":618,"column":null}},{"start":{"line":616,"column":11},"end":{"line":618,"column":null}}]},"72":{"loc":{"start":{"line":621,"column":16},"end":{"line":621,"column":42}},"type":"cond-expr","locations":[{"start":{"line":621,"column":37},"end":{"line":621,"column":41}},{"start":{"line":621,"column":41},"end":{"line":621,"column":42}}]},"73":{"loc":{"start":{"line":621,"column":16},"end":{"line":621,"column":41}},"type":"binary-expr","locations":[{"start":{"line":621,"column":16},"end":{"line":621,"column":41}},{"start":{"line":621,"column":37},"end":{"line":621,"column":41}}]},"74":{"loc":{"start":{"line":622,"column":17},"end":{"line":622,"column":58}},"type":"cond-expr","locations":[{"start":{"line":622,"column":39},"end":{"line":622,"column":43}},{"start":{"line":622,"column":43},"end":{"line":622,"column":58}}]},"75":{"loc":{"start":{"line":622,"column":17},"end":{"line":622,"column":43}},"type":"binary-expr","locations":[{"start":{"line":622,"column":17},"end":{"line":622,"column":43}},{"start":{"line":622,"column":39},"end":{"line":622,"column":43}}]},"76":{"loc":{"start":{"line":623,"column":14},"end":{"line":623,"column":67}},"type":"cond-expr","locations":[{"start":{"line":623,"column":54},"end":{"line":623,"column":58}},{"start":{"line":623,"column":58},"end":{"line":623,"column":67}}]},"77":{"loc":{"start":{"line":623,"column":14},"end":{"line":623,"column":58}},"type":"binary-expr","locations":[{"start":{"line":623,"column":14},"end":{"line":623,"column":58}},{"start":{"line":623,"column":54},"end":{"line":623,"column":58}}]},"78":{"loc":{"start":{"line":624,"column":27},"end":{"line":624,"column":84}},"type":"cond-expr","locations":[{"start":{"line":624,"column":40},"end":{"line":624,"column":71}},{"start":{"line":624,"column":74},"end":{"line":624,"column":84}}]},"79":{"loc":{"start":{"line":628,"column":4},"end":{"line":639,"column":null}},"type":"if","locations":[{"start":{"line":628,"column":4},"end":{"line":639,"column":null}}]},"80":{"loc":{"start":{"line":628,"column":8},"end":{"line":628,"column":74}},"type":"binary-expr","locations":[{"start":{"line":628,"column":8},"end":{"line":628,"column":30}},{"start":{"line":628,"column":34},"end":{"line":628,"column":46}},{"start":{"line":628,"column":50},"end":{"line":628,"column":74}}]},"81":{"loc":{"start":{"line":633,"column":8},"end":{"line":635,"column":null}},"type":"if","locations":[{"start":{"line":633,"column":8},"end":{"line":635,"column":null}}]},"82":{"loc":{"start":{"line":633,"column":12},"end":{"line":633,"column":67}},"type":"binary-expr","locations":[{"start":{"line":633,"column":12},"end":{"line":633,"column":34}},{"start":{"line":633,"column":38},"end":{"line":633,"column":67}}]},"83":{"loc":{"start":{"line":655,"column":4},"end":{"line":657,"column":null}},"type":"if","locations":[{"start":{"line":655,"column":4},"end":{"line":657,"column":null}}]},"84":{"loc":{"start":{"line":667,"column":8},"end":{"line":671,"column":null}},"type":"if","locations":[{"start":{"line":667,"column":8},"end":{"line":671,"column":null}}]},"85":{"loc":{"start":{"line":678,"column":4},"end":{"line":692,"column":null}},"type":"if","locations":[{"start":{"line":678,"column":4},"end":{"line":692,"column":null}}]},"86":{"loc":{"start":{"line":678,"column":8},"end":{"line":678,"column":63}},"type":"binary-expr","locations":[{"start":{"line":678,"column":8},"end":{"line":678,"column":36}},{"start":{"line":678,"column":40},"end":{"line":678,"column":63}}]},"87":{"loc":{"start":{"line":685,"column":16},"end":{"line":687,"column":null}},"type":"if","locations":[{"start":{"line":685,"column":16},"end":{"line":687,"column":null}}]},"88":{"loc":{"start":{"line":702,"column":4},"end":{"line":723,"column":null}},"type":"if","locations":[{"start":{"line":702,"column":4},"end":{"line":723,"column":null}},{"start":{"line":721,"column":11},"end":{"line":723,"column":null}}]},"89":{"loc":{"start":{"line":705,"column":16},"end":{"line":719,"column":null}},"type":"if","locations":[{"start":{"line":705,"column":16},"end":{"line":719,"column":null}}]},"90":{"loc":{"start":{"line":705,"column":20},"end":{"line":705,"column":75}},"type":"binary-expr","locations":[{"start":{"line":705,"column":20},"end":{"line":705,"column":48}},{"start":{"line":705,"column":52},"end":{"line":705,"column":75}}]},"91":{"loc":{"start":{"line":712,"column":28},"end":{"line":714,"column":null}},"type":"if","locations":[{"start":{"line":712,"column":28},"end":{"line":714,"column":null}}]},"92":{"loc":{"start":{"line":721,"column":11},"end":{"line":723,"column":null}},"type":"if","locations":[{"start":{"line":721,"column":11},"end":{"line":723,"column":null}}]}},"s":{"0":7,"1":7,"2":7,"3":7,"4":7,"5":7,"6":7,"7":7,"8":7,"9":7,"10":7,"11":7,"12":7,"13":7,"14":7,"15":7,"16":7,"17":7,"18":7,"19":7,"20":7,"21":7,"22":7,"23":7,"24":7,"25":7,"26":7,"27":7,"28":7,"29":7,"30":0,"31":0,"32":0,"33":7,"34":0,"35":0,"36":0,"37":7,"38":0,"39":0,"40":0,"41":7,"42":7,"43":0,"44":0,"45":0,"46":0,"47":0,"48":7,"49":0,"50":0,"51":0,"52":7,"53":0,"54":7,"55":0,"56":0,"57":0,"58":0,"59":0,"60":0,"61":0,"62":0,"63":0,"64":0,"65":0,"66":0,"67":0,"68":0,"69":0,"70":0,"71":0,"72":0,"73":0,"74":0,"75":0,"76":0,"77":0,"78":0,"79":0,"80":0,"81":0,"82":0,"83":0,"84":0,"85":0,"86":0,"87":0,"88":0,"89":0,"90":0,"91":0,"92":0,"93":0,"94":0,"95":0,"96":0,"97":0,"98":0,"99":0,"100":0,"101":0,"102":0,"103":0,"104":0,"105":0,"106":0,"107":0,"108":0,"109":0,"110":0,"111":0,"112":0,"113":0,"114":0,"115":0,"116":0,"117":0,"118":0,"119":0,"120":0,"121":0,"122":0,"123":0,"124":0,"125":0,"126":0,"127":0,"128":0,"129":0,"130":0,"131":0,"132":0,"133":0,"134":0,"135":0,"136":0,"137":0,"138":0,"139":0,"140":0,"141":0,"142":0,"143":0,"144":0,"145":0,"146":0,"147":0,"148":0,"149":7,"150":0,"151":0,"152":0,"153":0,"154":0,"155":0,"156":0,"157":0,"158":0,"159":0,"160":0,"161":0,"162":0,"163":0,"164":0,"165":7,"166":0,"167":0,"168":0,"169":0,"170":0,"171":0,"172":0,"173":0,"174":0,"175":0,"176":7,"177":7,"178":0,"179":0,"180":0,"181":0,"182":0,"183":0,"184":0,"185":7,"186":0,"187":0,"188":0,"189":0,"190":0,"191":0,"192":0,"193":0,"194":0,"195":0,"196":0,"197":0,"198":0,"199":0,"200":0,"201":0,"202":0,"203":0,"204":0,"205":0,"206":0,"207":0,"208":0,"209":0,"210":0,"211":0,"212":0,"213":0,"214":0,"215":0,"216":0,"217":0,"218":0,"219":0,"220":0,"221":0,"222":0,"223":0,"224":0,"225":0,"226":0,"227":0,"228":0,"229":0,"230":0,"231":0,"232":0,"233":0,"234":0,"235":0,"236":0,"237":0,"238":0,"239":0,"240":0,"241":0,"242":0,"243":0,"244":0,"245":0,"246":0,"247":0,"248":0,"249":0,"250":0,"251":0,"252":0,"253":0,"254":0,"255":0,"256":0,"257":0,"258":0,"259":0,"260":0,"261":0,"262":0,"263":0,"264":0,"265":0,"266":0,"267":0,"268":0,"269":0,"270":0,"271":0,"272":0,"273":0,"274":0,"275":0,"276":0,"277":0,"278":0,"279":0,"280":0,"281":0,"282":0,"283":0,"284":0,"285":0,"286":0,"287":0,"288":0,"289":0,"290":0,"291":0,"292":0,"293":0,"294":0,"295":0,"296":0,"297":0,"298":0,"299":0,"300":0,"301":0,"302":0,"303":0,"304":0,"305":0,"306":0,"307":0,"308":0,"309":7,"310":0,"311":0,"312":0,"313":0,"314":0,"315":0,"316":7,"317":0,"318":0,"319":0,"320":0,"321":0,"322":0,"323":0,"324":0,"325":0,"326":0,"327":0,"328":0,"329":7,"330":0,"331":0,"332":0,"333":0,"334":0,"335":0,"336":0,"337":0,"338":0,"339":0,"340":0,"341":0,"342":0,"343":0,"344":0,"345":0,"346":7,"347":7},"f":{"0":7,"1":0,"2":0,"3":0,"4":0,"5":0,"6":0,"7":0,"8":0,"9":0,"10":0,"11":0,"12":0,"13":0,"14":0,"15":0,"16":0,"17":0,"18":0,"19":0,"20":0,"21":0,"22":0,"23":0,"24":0,"25":0,"26":0,"27":0,"28":0,"29":0,"30":0,"31":0,"32":0,"33":0,"34":0,"35":0,"36":0,"37":0,"38":0,"39":0,"40":0,"41":0,"42":0,"43":0,"44":0,"45":0,"46":0,"47":0,"48":0,"49":0,"50":0,"51":0,"52":0},"b":{"0":[7,7],"1":[0,0],"2":[0],"3":[0,0],"4":[0,0],"5":[0,0],"6":[0,0],"7":[0],"8":[0,0],"9":[0,0],"10":[0,0],"11":[0],"12":[0],"13":[0],"14":[0],"15":[0],"16":[0],"17":[0],"18":[0],"19":[0],"20":[0],"21":[0,0],"22":[0],"23":[0],"24":[0],"25":[0],"26":[0],"27":[0,0],"28":[0,0],"29":[0],"30":[0],"31":[0],"32":[0],"33":[0],"34":[0],"35":[0],"36":[0,0],"37":[0,0],"38":[0],"39":[0],"40":[0],"41":[0],"42":[0,0],"43":[0],"44":[0,0],"45":[0],"46":[0],"47":[0],"48":[0,0,0,0],"49":[0],"50":[0],"51":[0,0],"52":[0],"53":[0],"54":[0],"55":[0,0],"56":[0],"57":[0],"58":[0],"59":[0,0,0,0,0],"60":[0],"61":[0],"62":[0,0],"63":[0,0,0],"64":[0,0],"65":[0],"66":[0],"67":[0],"68":[0],"69":[0],"70":[0],"71":[0,0],"72":[0,0],"73":[0,0],"74":[0,0],"75":[0,0],"76":[0,0],"77":[0,0],"78":[0,0],"79":[0],"80":[0,0,0],"81":[0],"82":[0,0],"83":[0],"84":[0],"85":[0],"86":[0,0],"87":[0],"88":[0,0],"89":[0],"90":[0,0],"91":[0],"92":[0]}}
,"/home/runner/work/vscode-c-cpp-flylint/vscode-c-cpp-flylint/server/src/settings.ts": {"path":"/home/runner/work/vscode-c-cpp-flylint/vscode-c-cpp-flylint/server/src/settings.ts","statementMap":{"0":{"start":{"line":5,"column":0},"end":{"line":5,"column":28}},"1":{"start":{"line":6,"column":0},"end":{"line":6,"column":25}},"2":{"start":{"line":7,"column":0},"end":{"line":7,"column":64}},"3":{"start":{"line":20,"column":4},"end":{"line":26,"column":null}},"4":{"start":{"line":21,"column":23},"end":{"line":21,"column":36}},"5":{"start":{"line":22,"column":22},"end":{"line":22,"column":37}},"6":{"start":{"line":23,"column":22},"end":{"line":23,"column":37}},"7":{"start":{"line":25,"column":12},"end":{"line":25,"column":92}},"8":{"start":{"line":19,"column":0},"end":{"line":19,"column":16}},"9":{"start":{"line":31,"column":0},"end":{"line":31,"column":null}},"10":{"start":{"line":33,"column":8},"end":{"line":35,"column":null}},"11":{"start":{"line":34,"column":12},"end":{"line":34,"column":47}},"12":{"start":{"line":37,"column":8},"end":{"line":39,"column":null}},"13":{"start":{"line":38,"column":12},"end":{"line":38,"column":93}},"14":{"start":{"line":41,"column":8},"end":{"line":48,"column":null}},"15":{"start":{"line":42,"column":26},"end":{"line":42,"column":58}},"16":{"start":{"line":43,"column":28},"end":{"line":43,"column":62}},"17":{"start":{"line":44,"column":32},"end":{"line":44,"column":70}},"18":{"start":{"line":45,"column":25},"end":{"line":45,"column":56}},"19":{"start":{"line":47,"column":16},"end":{"line":47,"column":102}},"20":{"start":{"line":32,"column":20},"end":{"line":49,"column":null}}},"fnMap":{"0":{"name":"propertiesPlatform","decl":{"start":{"line":19,"column":16},"end":{"line":19,"column":34}},"loc":{"start":{"line":19,"column":34},"end":{"line":27,"column":1}}},"1":{"name":"(anonymous_1)","decl":{"start":{"line":31,"column":0},"end":{"line":31,"column":17}},"loc":{"start":{"line":31,"column":38},"end":{"line":50,"column":1}}},"2":{"name":"from","decl":{"start":{"line":32,"column":20},"end":{"line":32,"column":24}},"loc":{"start":{"line":32,"column":45},"end":{"line":49,"column":5}}}},"branchMap":{"0":{"loc":{"start":{"line":20,"column":4},"end":{"line":26,"column":null}},"type":"switch","locations":[{"start":{"line":21,"column":8},"end":{"line":21,"column":36}},{"start":{"line":22,"column":8},"end":{"line":22,"column":37}},{"start":{"line":23,"column":8},"end":{"line":23,"column":37}},{"start":{"line":24,"column":8},"end":{"line":25,"column":92}}]},"1":{"loc":{"start":{"line":33,"column":8},"end":{"line":35,"column":null}},"type":"if","locations":[{"start":{"line":33,"column":8},"end":{"line":35,"column":null}}]},"2":{"loc":{"start":{"line":37,"column":8},"end":{"line":39,"column":null}},"type":"if","locations":[{"start":{"line":37,"column":8},"end":{"line":39,"column":null}}]},"3":{"loc":{"start":{"line":41,"column":8},"end":{"line":48,"column":null}},"type":"switch","locations":[{"start":{"line":42,"column":12},"end":{"line":42,"column":58}},{"start":{"line":43,"column":12},"end":{"line":43,"column":62}},{"start":{"line":44,"column":12},"end":{"line":44,"column":70}},{"start":{"line":45,"column":12},"end":{"line":45,"column":56}},{"start":{"line":46,"column":12},"end":{"line":47,"column":102}}]},"4":{"loc":{"start":{"line":31,"column":17},"end":{"line":31,"column":null}},"type":"binary-expr","locations":[{"start":{"line":31,"column":17},"end":{"line":31,"column":38}},{"start":{"line":31,"column":17},"end":{"line":31,"column":null}}]}},"s":{"0":8,"1":8,"2":8,"3":2,"4":0,"5":2,"6":0,"7":0,"8":8,"9":8,"10":71,"11":0,"12":71,"13":0,"14":71,"15":9,"16":18,"17":30,"18":14,"19":0,"20":8},"f":{"0":2,"1":8,"2":71},"b":{"0":[0,2,0,0],"1":[0],"2":[0],"3":[9,18,30,14,0],"4":[8,8]}}
,"/home/runner/work/vscode-c-cpp-flylint/vscode-c-cpp-flylint/server/src/utils.ts": {"path":"/home/runner/work/vscode-c-cpp-flylint/vscode-c-cpp-flylint/server/src/utils.ts","statementMap":{"0":{"start":{"line":5,"column":0},"end":{"line":5,"column":35}},"1":{"start":{"line":7,"column":0},"end":{"line":7,"column":null}},"2":{"start":{"line":11,"column":8},"end":{"line":44,"column":11}},"3":{"start":{"line":12,"column":26},"end":{"line":42,"column":14}},"4":{"start":{"line":12,"column":37},"end":{"line":42,"column":14}},"5":{"start":{"line":13,"column":31},"end":{"line":21,"column":18}},"6":{"start":{"line":13,"column":42},"end":{"line":21,"column":18}},"7":{"start":{"line":16,"column":20},"end":{"line":20,"column":null}},"8":{"start":{"line":17,"column":24},"end":{"line":17,"column":49}},"9":{"start":{"line":19,"column":24},"end":{"line":19,"column":33}},"10":{"start":{"line":23,"column":24},"end":{"line":23,"column":51}},"11":{"start":{"line":24,"column":16},"end":{"line":41,"column":null}},"12":{"start":{"line":27,"column":35},"end":{"line":27,"column":51}},"13":{"start":{"line":28,"column":20},"end":{"line":28,"column":36}},"14":{"start":{"line":31,"column":20},"end":{"line":31,"column":36}},"15":{"start":{"line":33,"column":20},"end":{"line":33,"column":36}},"16":{"start":{"line":35,"column":20},"end":{"line":35,"column":76}},"17":{"start":{"line":36,"column":20},"end":{"line":40,"column":null}},"18":{"start":{"line":37,"column":24},"end":{"line":37,"column":49}},"19":{"start":{"line":39,"column":24},"end":{"line":39,"column":33}},"20":{"start":{"line":43,"column":12},"end":{"line":43,"column":37}},"21":{"start":{"line":10,"column":26},"end":{"line":45,"column":null}},"22":{"start":{"line":49,"column":4},"end":{"line":51,"column":7}},"23":{"start":{"line":50,"column":8},"end":{"line":50,"column":32}},"24":{"start":{"line":48,"column":0},"end":{"line":48,"column":16}},"25":{"start":{"line":56,"column":13},"end":{"line":56,"column":43}},"26":{"start":{"line":57,"column":4},"end":{"line":71,"column":null}},"27":{"start":{"line":58,"column":8},"end":{"line":67,"column":null}},"28":{"start":{"line":59,"column":23},"end":{"line":59,"column":43}},"29":{"start":{"line":60,"column":12},"end":{"line":62,"column":null}},"30":{"start":{"line":61,"column":16},"end":{"line":61,"column":27}},"31":{"start":{"line":63,"column":12},"end":{"line":63,"column":34}},"32":{"start":{"line":66,"column":12},"end":{"line":66,"column":33}},"33":{"start":{"line":68,"column":11},"end":{"line":71,"column":null}},"34":{"start":{"line":70,"column":8},"end":{"line":70,"column":35}},"35":{"start":{"line":72,"column":4},"end":{"line":72,"column":25}},"36":{"start":{"line":55,"column":0},"end":{"line":55,"column":16}}},"fnMap":{"0":{"name":"(anonymous_7)","decl":{"start":{"line":7,"column":0},"end":{"line":7,"column":17}},"loc":{"start":{"line":7,"column":31},"end":{"line":46,"column":1}}},"1":{"name":"retry","decl":{"start":{"line":10,"column":26},"end":{"line":10,"column":31}},"loc":{"start":{"line":10,"column":113},"end":{"line":45,"column":null}}},"2":{"name":"(anonymous_10)","decl":{"start":{"line":11,"column":27},"end":{"line":11,"column":28}},"loc":{"start":{"line":11,"column":47},"end":{"line":44,"column":9}}},"3":{"name":"(anonymous_11)","decl":{"start":{"line":12,"column":26},"end":{"line":12,"column":35}},"loc":{"start":{"line":12,"column":37},"end":{"line":42,"column":14}}},"4":{"name":"(anonymous_12)","decl":{"start":{"line":12,"column":37},"end":{"line":12,"column":null}},"loc":{"start":{"line":12,"column":37},"end":{"line":42,"column":13}}},"5":{"name":"(anonymous_13)","decl":{"start":{"line":13,"column":31},"end":{"line":13,"column":40}},"loc":{"start":{"line":13,"column":42},"end":{"line":21,"column":18}}},"6":{"name":"(anonymous_14)","decl":{"start":{"line":13,"column":42},"end":{"line":13,"column":null}},"loc":{"start":{"line":13,"column":42},"end":{"line":21,"column":17}}},"7":{"name":"sleep","decl":{"start":{"line":48,"column":16},"end":{"line":48,"column":21}},"loc":{"start":{"line":48,"column":32},"end":{"line":52,"column":1}}},"8":{"name":"(anonymous_16)","decl":{"start":{"line":49,"column":23},"end":{"line":49,"column":30}},"loc":{"start":{"line":49,"column":33},"end":{"line":51,"column":5}}},"9":{"name":"path","decl":{"start":{"line":55,"column":16},"end":{"line":55,"column":20}},"loc":{"start":{"line":55,"column":33},"end":{"line":73,"column":1}}}},"branchMap":{"0":{"loc":{"start":{"line":16,"column":20},"end":{"line":20,"column":null}},"type":"if","locations":[{"start":{"line":16,"column":20},"end":{"line":20,"column":null}},{"start":{"line":18,"column":27},"end":{"line":20,"column":null}}]},"1":{"loc":{"start":{"line":36,"column":20},"end":{"line":40,"column":null}},"type":"if","locations":[{"start":{"line":36,"column":20},"end":{"line":40,"column":null}},{"start":{"line":38,"column":27},"end":{"line":40,"column":null}}]},"2":{"loc":{"start":{"line":7,"column":17},"end":{"line":7,"column":null}},"type":"binary-expr","locations":[{"start":{"line":7,"column":17},"end":{"line":7,"column":31}},{"start":{"line":7,"column":17},"end":{"line":7,"column":null}}]},"3":{"loc":{"start":{"line":57,"column":4},"end":{"line":71,"column":null}},"type":"if","locations":[{"start":{"line":57,"column":4},"end":{"line":71,"column":null}},{"start":{"line":68,"column":11},"end":{"line":71,"column":null}}]},"4":{"loc":{"start":{"line":57,"column":8},"end":{"line":57,"column":58}},"type":"binary-expr","locations":[{"start":{"line":57,"column":8},"end":{"line":57,"column":17}},{"start":{"line":57,"column":21},"end":{"line":57,"column":30}},{"start":{"line":57,"column":34},"end":{"line":57,"column":58}}]},"5":{"loc":{"start":{"line":58,"column":8},"end":{"line":67,"column":null}},"type":"if","locations":[{"start":{"line":58,"column":8},"end":{"line":67,"column":null}},{"start":{"line":64,"column":15},"end":{"line":67,"column":null}}]},"6":{"loc":{"start":{"line":58,"column":12},"end":{"line":58,"column":65}},"type":"binary-expr","locations":[{"start":{"line":58,"column":12},"end":{"line":58,"column":37}},{"start":{"line":58,"column":41},"end":{"line":58,"column":65}}]},"7":{"loc":{"start":{"line":60,"column":12},"end":{"line":62,"column":null}},"type":"if","locations":[{"start":{"line":60,"column":12},"end":{"line":62,"column":null}}]},"8":{"loc":{"start":{"line":68,"column":11},"end":{"line":71,"column":null}},"type":"if","locations":[{"start":{"line":68,"column":11},"end":{"line":71,"column":null}}]}},"s":{"0":9,"1":9,"2":3,"3":3,"4":3,"5":3,"6":0,"7":0,"8":0,"9":0,"10":3,"11":3,"12":3,"13":3,"14":3,"15":0,"16":0,"17":0,"18":0,"19":0,"20":3,"21":9,"22":0,"23":0,"24":9,"25":29,"26":29,"27":7,"28":4,"29":4,"30":0,"31":4,"32":3,"33":22,"34":4,"35":21,"36":9},"f":{"0":9,"1":3,"2":3,"3":3,"4":3,"5":0,"6":0,"7":0,"8":0,"9":29},"b":{"0":[0,0],"1":[0,0],"2":[9,9],"3":[7,22],"4":[29,21,21],"5":[4,3],"6":[7,4],"7":[0],"8":[4]}}
,"/home/runner/work/vscode-c-cpp-flylint/vscode-c-cpp-flylint/server/src/linters/clang.ts": {"path":"/home/runner/work/vscode-c-cpp-flylint/vscode-c-cpp-flylint/server/src/linters/clang.ts","statementMap":{"0":{"start":{"line":5,"column":0},"end":{"line":5,"column":29}},"1":{"start":{"line":6,"column":0},"end":{"line":6,"column":81}},"2":{"start":{"line":7,"column":0},"end":{"line":7,"column":40}},"3":{"start":{"line":9,"column":0},"end":{"line":9,"column":43}},"4":{"start":{"line":10,"column":0},"end":{"line":10,"column":64}},"5":{"start":{"line":17,"column":8},"end":{"line":17,"column":55}},"6":{"start":{"line":13,"column":12},"end":{"line":13,"column":40}},"7":{"start":{"line":14,"column":12},"end":{"line":14,"column":37}},"8":{"start":{"line":18,"column":8},"end":{"line":18,"column":44}},"9":{"start":{"line":20,"column":8},"end":{"line":20,"column":52}},"10":{"start":{"line":21,"column":8},"end":{"line":21,"column":52}},"11":{"start":{"line":22,"column":8},"end":{"line":22,"column":59}},"12":{"start":{"line":26,"column":8},"end":{"line":26,"column":59}},"13":{"start":{"line":30,"column":32},"end":{"line":30,"column":59}},"14":{"start":{"line":31,"column":28},"end":{"line":31,"column":51}},"15":{"start":{"line":34,"column":8},"end":{"line":43,"column":null}},"16":{"start":{"line":35,"column":12},"end":{"line":40,"column":14}},"17":{"start":{"line":42,"column":12},"end":{"line":42,"column":30}},"18":{"start":{"line":45,"column":29},"end":{"line":45,"column":53}},"19":{"start":{"line":46,"column":27},"end":{"line":47,"column":36}},"20":{"start":{"line":48,"column":27},"end":{"line":49,"column":36}},"21":{"start":{"line":50,"column":21},"end":{"line":51,"column":30}},"22":{"start":{"line":52,"column":21},"end":{"line":53,"column":29}},"23":{"start":{"line":54,"column":31},"end":{"line":58,"column":17}},"24":{"start":{"line":59,"column":29},"end":{"line":63,"column":17}},"25":{"start":{"line":64,"column":29},"end":{"line":68,"column":29}},"26":{"start":{"line":69,"column":32},"end":{"line":73,"column":17}},"27":{"start":{"line":74,"column":27},"end":{"line":78,"column":17}},"28":{"start":{"line":79,"column":29},"end":{"line":83,"column":17}},"29":{"start":{"line":85,"column":19},"end":{"line":108,"column":56}},"30":{"start":{"line":110,"column":8},"end":{"line":114,"column":null}},"31":{"start":{"line":111,"column":12},"end":{"line":111,"column":44}},"32":{"start":{"line":113,"column":12},"end":{"line":113,"column":41}},"33":{"start":{"line":116,"column":8},"end":{"line":116,"column":39}},"34":{"start":{"line":117,"column":8},"end":{"line":117,"column":39}},"35":{"start":{"line":119,"column":8},"end":{"line":119,"column":20}},"36":{"start":{"line":123,"column":20},"end":{"line":123,"column":94}},"37":{"start":{"line":126,"column":8},"end":{"line":129,"column":null}},"38":{"start":{"line":128,"column":12},"end":{"line":128,"column":24}},"39":{"start":{"line":131,"column":27},"end":{"line":131,"column":176}},"40":{"start":{"line":132,"column":8},"end":{"line":135,"column":null}},"41":{"start":{"line":134,"column":12},"end":{"line":134,"column":24}},"42":{"start":{"line":138,"column":26},"end":{"line":138,"column":67}},"43":{"start":{"line":140,"column":8},"end":{"line":150,"column":null}},"44":{"start":{"line":141,"column":12},"end":{"line":149,"column":14}},"45":{"start":{"line":152,"column":8},"end":{"line":173,"column":null}},"46":{"start":{"line":153,"column":12},"end":{"line":161,"column":14}},"47":{"start":{"line":163,"column":12},"end":{"line":172,"column":14}},"48":{"start":{"line":177,"column":21},"end":{"line":177,"column":92}},"49":{"start":{"line":178,"column":8},"end":{"line":178,"column":50}},"50":{"start":{"line":182,"column":31},"end":{"line":182,"column":33}},"51":{"start":{"line":184,"column":8},"end":{"line":186,"column":null}},"52":{"start":{"line":185,"column":12},"end":{"line":185,"column":37}},"53":{"start":{"line":188,"column":8},"end":{"line":190,"column":null}},"54":{"start":{"line":189,"column":12},"end":{"line":189,"column":44}},"55":{"start":{"line":192,"column":8},"end":{"line":192,"column":22}},"56":{"start":{"line":196,"column":23},"end":{"line":196,"column":36}},"57":{"start":{"line":197,"column":31},"end":{"line":197,"column":33}},"58":{"start":{"line":199,"column":8},"end":{"line":202,"column":null}},"59":{"start":{"line":200,"column":12},"end":{"line":200,"column":30}},"60":{"start":{"line":201,"column":12},"end":{"line":201,"column":39}},"61":{"start":{"line":204,"column":8},"end":{"line":204,"column":22}},"62":{"start":{"line":12,"column":0},"end":{"line":12,"column":13}}},"fnMap":{"0":{"name":"(anonymous_0)","decl":{"start":{"line":16,"column":4},"end":{"line":16,"column":16}},"loc":{"start":{"line":16,"column":57},"end":{"line":23,"column":5}}},"1":{"name":"(anonymous_1)","decl":{"start":{"line":25,"column":11},"end":{"line":25,"column":17}},"loc":{"start":{"line":25,"column":17},"end":{"line":27,"column":5}}},"2":{"name":"(anonymous_2)","decl":{"start":{"line":29,"column":14},"end":{"line":29,"column":30}},"loc":{"start":{"line":29,"column":68},"end":{"line":120,"column":5}}},"3":{"name":"(anonymous_3)","decl":{"start":{"line":122,"column":14},"end":{"line":122,"column":23}},"loc":{"start":{"line":122,"column":36},"end":{"line":174,"column":5}}},"4":{"name":"(anonymous_4)","decl":{"start":{"line":176,"column":12},"end":{"line":176,"column":27}},"loc":{"start":{"line":176,"column":44},"end":{"line":179,"column":5}}},"5":{"name":"(anonymous_5)","decl":{"start":{"line":181,"column":12},"end":{"line":181,"column":29}},"loc":{"start":{"line":181,"column":29},"end":{"line":193,"column":5}}},"6":{"name":"(anonymous_6)","decl":{"start":{"line":195,"column":12},"end":{"line":195,"column":28}},"loc":{"start":{"line":195,"column":28},"end":{"line":205,"column":5}}}},"branchMap":{"0":{"loc":{"start":{"line":34,"column":8},"end":{"line":43,"column":null}},"type":"if","locations":[{"start":{"line":34,"column":8},"end":{"line":43,"column":null}},{"start":{"line":41,"column":15},"end":{"line":43,"column":null}}]},"1":{"loc":{"start":{"line":46,"column":27},"end":{"line":47,"column":36}},"type":"cond-expr","locations":[{"start":{"line":47,"column":12},"end":{"line":47,"column":31}},{"start":{"line":47,"column":34},"end":{"line":47,"column":36}}]},"2":{"loc":{"start":{"line":48,"column":27},"end":{"line":49,"column":36}},"type":"cond-expr","locations":[{"start":{"line":49,"column":12},"end":{"line":49,"column":31}},{"start":{"line":49,"column":34},"end":{"line":49,"column":36}}]},"3":{"loc":{"start":{"line":50,"column":21},"end":{"line":51,"column":30}},"type":"cond-expr","locations":[{"start":{"line":51,"column":12},"end":{"line":51,"column":25}},{"start":{"line":51,"column":28},"end":{"line":51,"column":30}}]},"4":{"loc":{"start":{"line":52,"column":21},"end":{"line":53,"column":29}},"type":"cond-expr","locations":[{"start":{"line":53,"column":12},"end":{"line":53,"column":24}},{"start":{"line":53,"column":27},"end":{"line":53,"column":29}}]},"5":{"loc":{"start":{"line":108,"column":20},"end":{"line":108,"column":55}},"type":"binary-expr","locations":[{"start":{"line":108,"column":20},"end":{"line":108,"column":49}},{"start":{"line":108,"column":53},"end":{"line":108,"column":55}}]},"6":{"loc":{"start":{"line":110,"column":8},"end":{"line":114,"column":null}},"type":"if","locations":[{"start":{"line":110,"column":8},"end":{"line":114,"column":null}},{"start":{"line":112,"column":15},"end":{"line":114,"column":null}}]},"7":{"loc":{"start":{"line":126,"column":8},"end":{"line":129,"column":null}},"type":"if","locations":[{"start":{"line":126,"column":8},"end":{"line":129,"column":null}}]},"8":{"loc":{"start":{"line":132,"column":8},"end":{"line":135,"column":null}},"type":"if","locations":[{"start":{"line":132,"column":8},"end":{"line":135,"column":null}}]},"9":{"loc":{"start":{"line":140,"column":8},"end":{"line":150,"column":null}},"type":"if","locations":[{"start":{"line":140,"column":8},"end":{"line":150,"column":null}}]},"10":{"loc":{"start":{"line":142,"column":27},"end":{"line":142,"column":101}},"type":"cond-expr","locations":[{"start":{"line":142,"column":65},"end":{"line":142,"column":84}},{"start":{"line":142,"column":87},"end":{"line":142,"column":101}}]},"11":{"loc":{"start":{"line":152,"column":8},"end":{"line":173,"column":null}},"type":"if","locations":[{"start":{"line":152,"column":8},"end":{"line":173,"column":null}},{"start":{"line":162,"column":15},"end":{"line":173,"column":null}}]},"12":{"loc":{"start":{"line":154,"column":27},"end":{"line":154,"column":99}},"type":"cond-expr","locations":[{"start":{"line":154,"column":64},"end":{"line":154,"column":83}},{"start":{"line":154,"column":86},"end":{"line":154,"column":99}}]},"13":{"loc":{"start":{"line":184,"column":8},"end":{"line":186,"column":null}},"type":"if","locations":[{"start":{"line":184,"column":8},"end":{"line":186,"column":null}}]},"14":{"loc":{"start":{"line":188,"column":8},"end":{"line":190,"column":null}},"type":"if","locations":[{"start":{"line":188,"column":8},"end":{"line":190,"column":null}}]},"15":{"loc":{"start":{"line":199,"column":8},"end":{"line":202,"column":null}},"type":"if","locations":[{"start":{"line":199,"column":8},"end":{"line":202,"column":null}}]}},"s":{"0":7,"1":7,"2":7,"3":7,"4":7,"5":8,"6":8,"7":8,"8":8,"9":8,"10":8,"11":8,"12":0,"13":3,"14":3,"15":3,"16":0,"17":3,"18":3,"19":3,"20":3,"21":3,"22":3,"23":3,"24":3,"25":3,"26":3,"27":3,"28":3,"29":3,"30":3,"31":0,"32":3,"33":3,"34":3,"35":3,"36":20,"37":20,"38":0,"39":20,"40":20,"41":1,"42":19,"43":19,"44":3,"45":16,"46":15,"47":1,"48":15,"49":15,"50":3,"51":3,"52":0,"53":3,"54":0,"55":3,"56":3,"57":3,"58":3,"59":3,"60":3,"61":3,"62":7},"f":{"0":8,"1":0,"2":3,"3":20,"4":15,"5":3,"6":3},"b":{"0":[0,3],"1":[0,3],"2":[3,0],"3":[3,0],"4":[3,0],"5":[3,3],"6":[0,3],"7":[0],"8":[1],"9":[3],"10":[0,3],"11":[15,1],"12":[0,15],"13":[0],"14":[0],"15":[3]}}
[...]
":[{"start":{"line":278,"column":18},"end":{"line":278,"column":32}},{"start":{"line":278,"column":36},"end":{"line":278,"column":51}}]},"17":{"loc":{"start":{"line":280,"column":8},"end":{"line":282,"column":null}},"type":"if","locations":[{"start":{"line":280,"column":8},"end":{"line":282,"column":null}}]},"18":{"loc":{"start":{"line":288,"column":8},"end":{"line":288,"column":null}},"type":"if","locations":[{"start":{"line":288,"column":8},"end":{"line":288,"column":null}}]},"19":{"loc":{"start":{"line":290,"column":82},"end":{"line":290,"column":113}},"type":"binary-expr","locations":[{"start":{"line":290,"column":82},"end":{"line":290,"column":91}},{"start":{"line":290,"column":95},"end":{"line":290,"column":113}}]},"20":{"loc":{"start":{"line":291,"column":21},"end":{"line":291,"column":95}},"type":"cond-expr","locations":[{"start":{"line":291,"column":46},"end":{"line":291,"column":90}},{"start":{"line":291,"column":93},"end":{"line":291,"column":95}}]},"21":{"loc":{"start":{"line":292,"column":21},"end":{"line":292,"column":95}},"type":"cond-expr","locations":[{"start":{"line":292,"column":46},"end":{"line":292,"column":90}},{"start":{"line":292,"column":93},"end":{"line":292,"column":95}}]},"22":{"loc":{"start":{"line":294,"column":8},"end":{"line":297,"column":null}},"type":"if","locations":[{"start":{"line":294,"column":8},"end":{"line":297,"column":null}}]},"23":{"loc":{"start":{"line":299,"column":8},"end":{"line":301,"column":null}},"type":"if","locations":[{"start":{"line":299,"column":8},"end":{"line":301,"column":null}}]},"24":{"loc":{"start":{"line":307,"column":15},"end":{"line":307,"column":41}},"type":"binary-expr","locations":[{"start":{"line":307,"column":15},"end":{"line":307,"column":26}},{"start":{"line":307,"column":30},"end":{"line":307,"column":41}}]},"25":{"loc":{"start":{"line":315,"column":12},"end":{"line":321,"column":null}},"type":"if","locations":[{"start":{"line":315,"column":12},"end":{"line":321,"column":null}}]},"26":{"loc":{"start":{"line":318,"column":16},"end":{"line":320,"column":null}},"type":"if","locations":[{"start":{"line":318,"column":16},"end":{"line":320,"column":null}}]},"27":{"loc":{"start":{"line":324,"column":12},"end":{"line":343,"column":null}},"type":"if","locations":[{"start":{"line":324,"column":12},"end":{"line":343,"column":null}}]},"28":{"loc":{"start":{"line":326,"column":16},"end":{"line":333,"column":null}},"type":"if","locations":[{"start":{"line":326,"column":16},"end":{"line":333,"column":null}}]},"29":{"loc":{"start":{"line":327,"column":20},"end":{"line":332,"column":null}},"type":"if","locations":[{"start":{"line":327,"column":20},"end":{"line":332,"column":null}},{"start":{"line":330,"column":27},"end":{"line":332,"column":null}}]},"30":{"loc":{"start":{"line":337,"column":16},"end":{"line":340,"column":null}},"type":"if","locations":[{"start":{"line":337,"column":16},"end":{"line":340,"column":null}}]},"31":{"loc":{"start":{"line":337,"column":20},"end":{"line":337,"column":71}},"type":"binary-expr","locations":[{"start":{"line":337,"column":20},"end":{"line":337,"column":42}},{"start":{"line":337,"column":46},"end":{"line":337,"column":71}}]},"32":{"loc":{"start":{"line":346,"column":8},"end":{"line":349,"column":null}},"type":"if","locations":[{"start":{"line":346,"column":8},"end":{"line":349,"column":null}}]},"33":{"loc":{"start":{"line":371,"column":8},"end":{"line":381,"column":null}},"type":"if","locations":[{"start":{"line":371,"column":8},"end":{"line":381,"column":null}}]},"34":{"loc":{"start":{"line":374,"column":16},"end":{"line":379,"column":null}},"type":"if","locations":[{"start":{"line":374,"column":16},"end":{"line":379,"column":null}},{"start":{"line":376,"column":23},"end":{"line":379,"column":null}}]},"35":{"loc":{"start":{"line":389,"column":12},"end":{"line":391,"column":null}},"type":"if","locations":[{"start":{"line":389,"column":12},"end":{"line":391,"column":null}}]},"36":{"loc":{"start":{"line":393,"column":12},"end":{"line":402,"column":null}},"type":"if","locations":[{"start":{"line":393,"column":12},"end":{"line":402,"column":null}},{"start":{"line":395,"column":19},"end":{"line":402,"column":null}}]},"37":{"loc":{"start":{"line":396,"column":16},"end":{"line":401,"column":null}},"type":"if","locations":[{"start":{"line":396,"column":16},"end":{"line":401,"column":null}},{"start":{"line":398,"column":23},"end":{"line":401,"column":null}}]},"38":{"loc":{"start":{"line":405,"column":15},"end":{"line":405,"column":41}},"type":"cond-expr","locations":[{"start":{"line":405,"column":24},"end":{"line":405,"column":30}},{"start":{"line":405,"column":33},"end":{"line":405,"column":41}}]}},"s":{"0":7,"1":7,"2":7,"3":7,"4":7,"5":7,"6":7,"7":7,"8":7,"9":7,"10":7,"11":7,"12":7,"13":0,"14":0,"15":0,"16":0,"17":0,"18":7,"19":0,"20":0,"21":0,"22":0,"23":0,"24":7,"25":12,"26":12,"27":12,"28":0,"29":12,"30":12,"31":12,"32":12,"33":12,"34":7,"35":49,"36":49,"37":49,"38":49,"39":49,"40":49,"41":49,"42":49,"43":49,"44":49,"45":49,"46":49,"47":49,"48":49,"49":245,"50":49,"51":245,"52":90,"53":90,"54":155,"55":49,"56":49,"57":49,"58":49,"59":49,"60":27,"61":9,"62":0,"63":12,"64":6,"65":2,"66":6,"67":0,"68":0,"69":12,"70":0,"71":12,"72":6,"73":6,"74":12,"75":12,"76":12,"77":12,"78":12,"79":6,"80":6,"81":0,"82":6,"83":6,"84":6,"85":4,"86":2,"87":2,"88":2,"89":2,"90":0,"91":0,"92":0,"93":2,"94":2,"95":2,"96":12,"97":12,"98":12,"99":0,"100":12,"101":12,"102":12,"103":2,"104":12,"105":2,"106":14,"107":14,"108":14,"109":14,"110":0,"111":14,"112":0,"113":14,"114":0,"115":0,"116":0,"117":0,"118":0,"119":0,"120":0,"121":0,"122":0,"123":0,"124":0,"125":0,"126":0,"127":0,"128":0,"129":0,"130":165,"131":15,"132":15,"133":15,"134":136,"135":29,"136":29,"137":29,"138":136,"139":136,"140":75,"141":0,"142":0,"143":0,"144":0,"145":75,"146":75,"147":58,"148":75,"149":15,"150":12,"151":15,"152":35,"153":0,"154":5,"155":5,"156":5,"157":5,"158":5,"159":5,"160":0,"161":0,"162":0,"163":0,"164":0,"165":5,"166":24,"167":24,"168":14,"169":0,"170":14,"171":14,"172":0,"173":14,"174":14,"175":0,"176":0,"177":24,"178":24,"179":7},"f":{"0":7,"1":0,"2":0,"3":12,"4":0,"5":12,"6":12,"7":12,"8":49,"9":49,"10":245,"11":245,"12":27,"13":9,"14":0,"15":12,"16":6,"17":2,"18":6,"19":0,"20":0,"21":12,"22":6,"23":12,"24":12,"25":12,"26":6,"27":2,"28":0,"29":2,"30":2,"31":12,"32":14,"33":0,"34":0,"35":0,"36":165,"37":15,"38":136,"39":35,"40":0,"41":5,"42":5,"43":0,"44":24,"45":14},"b":{"0":[7,7],"1":[0,0,0,0],"2":[0,0,0,0],"3":[12],"4":[12],"5":[245,90,90],"6":[90],"7":[90],"8":[90,18],"9":[0],"10":[6,6],"11":[0],"12":[4],"13":[0,12],"14":[0,14],"15":[0,14],"16":[0,0],"17":[0],"18":[0],"19":[0,0],"20":[0,0],"21":[0,0],"22":[0],"23":[0],"24":[165,165],"25":[29],"26":[29],"27":[75],"28":[0],"29":[0,0],"30":[58],"31":[75,58],"32":[12],"33":[5],"34":[0,0],"35":[0],"36":[0,14],"37":[14,0],"38":[18,6]}}
,"/home/runner/work/vscode-c-cpp-flylint/vscode-c-cpp-flylint/server/src/linters/lizard.ts": {"path":"/home/runner/work/vscode-c-cpp-flylint/vscode-c-cpp-flylint/server/src/linters/lizard.ts","statementMap":{"0":{"start":{"line":6,"column":0},"end":{"line":6,"column":34}},"1":{"start":{"line":8,"column":0},"end":{"line":8,"column":43}},"2":{"start":{"line":9,"column":0},"end":{"line":9,"column":64}},"3":{"start":{"line":13,"column":8},"end":{"line":13,"column":56}},"4":{"start":{"line":14,"column":8},"end":{"line":14,"column":45}},"5":{"start":{"line":16,"column":8},"end":{"line":16,"column":55}},"6":{"start":{"line":17,"column":8},"end":{"line":17,"column":60}},"7":{"start":{"line":21,"column":19},"end":{"line":23,"column":57}},"8":{"start":{"line":25,"column":8},"end":{"line":25,"column":37}},"9":{"start":{"line":27,"column":8},"end":{"line":27,"column":20}},"10":{"start":{"line":31,"column":20},"end":{"line":31,"column":65}},"11":{"start":{"line":33,"column":27},"end":{"line":33,"column":31}},"12":{"start":{"line":35,"column":8},"end":{"line":38,"column":null}},"13":{"start":{"line":37,"column":12},"end":{"line":37,"column":24}},"14":{"start":{"line":40,"column":8},"end":{"line":61,"column":null}},"15":{"start":{"line":41,"column":12},"end":{"line":49,"column":14}},"16":{"start":{"line":51,"column":12},"end":{"line":60,"column":14}},"17":{"start":{"line":11,"column":0},"end":{"line":11,"column":13}}},"fnMap":{"0":{"name":"(anonymous_0)","decl":{"start":{"line":12,"column":4},"end":{"line":12,"column":16}},"loc":{"start":{"line":12,"column":57},"end":{"line":18,"column":5}}},"1":{"name":"(anonymous_1)","decl":{"start":{"line":20,"column":14},"end":{"line":20,"column":30}},"loc":{"start":{"line":20,"column":69},"end":{"line":28,"column":5}}},"2":{"name":"(anonymous_2)","decl":{"start":{"line":30,"column":14},"end":{"line":30,"column":23}},"loc":{"start":{"line":30,"column":36},"end":{"line":62,"column":5}}}},"branchMap":{"0":{"loc":{"start":{"line":23,"column":20},"end":{"line":23,"column":56}},"type":"binary-expr","locations":[{"start":{"line":23,"column":20},"end":{"line":23,"column":50}},{"start":{"line":23,"column":54},"end":{"line":23,"column":56}}]},"1":{"loc":{"start":{"line":35,"column":8},"end":{"line":38,"column":null}},"type":"if","locations":[{"start":{"line":35,"column":8},"end":{"line":38,"column":null}}]},"2":{"loc":{"start":{"line":40,"column":8},"end":{"line":61,"column":null}},"type":"if","locations":[{"start":{"line":40,"column":8},"end":{"line":61,"column":null}},{"start":{"line":50,"column":15},"end":{"line":61,"column":null}}]}},"s":{"0":7,"1":7,"2":7,"3":6,"4":6,"5":6,"6":6,"7":2,"8":2,"9":2,"10":6,"11":6,"12":6,"13":1,"14":5,"15":4,"16":1,"17":7},"f":{"0":6,"1":2,"2":6},"b":{"0":[2,2],"1":[1],"2":[4,1]}}
,"/home/runner/work/vscode-c-cpp-flylint/vscode-c-cpp-flylint/server/src/linters/pclintplus.ts": {"path":"/home/runner/work/vscode-c-cpp-flylint/vscode-c-cpp-flylint/server/src/linters/pclintplus.ts","statementMap":{"0":{"start":{"line":5,"column":0},"end":{"line":5,"column":29}},"1":{"start":{"line":6,"column":0},"end":{"line":6,"column":28}},"2":{"start":{"line":7,"column":0},"end":{"line":7,"column":86}},"3":{"start":{"line":8,"column":0},"end":{"line":8,"column":46}},"4":{"start":{"line":10,"column":0},"end":{"line":10,"column":43}},"5":{"start":{"line":11,"column":0},"end":{"line":11,"column":64}},"6":{"start":{"line":23,"column":8},"end":{"line":23,"column":59}},"7":{"start":{"line":20,"column":12},"end":{"line":20,"column":49}},"8":{"start":{"line":24,"column":8},"end":{"line":24,"column":49}},"9":{"start":{"line":26,"column":8},"end":{"line":26,"column":59}},"10":{"start":{"line":27,"column":8},"end":{"line":27,"column":59}},"11":{"start":{"line":28,"column":8},"end":{"line":28,"column":64}},"12":{"start":{"line":32,"column":19},"end":{"line":41,"column":10}},"13":{"start":{"line":43,"column":8},"end":{"line":53,"column":null}},"14":{"start":{"line":44,"column":24},"end":{"line":44,"column":59}},"15":{"start":{"line":46,"column":12},"end":{"line":52,"column":null}},"16":{"start":{"line":47,"column":16},"end":{"line":47,"column":33}},"17":{"start":{"line":49,"column":16},"end":{"line":51,"column":19}},"18":{"start":{"line":50,"column":20},"end":{"line":50,"column":39}},"19":{"start":{"line":55,"column":8},"end":{"line":55,"column":37}},"20":{"start":{"line":57,"column":8},"end":{"line":57,"column":20}},"21":{"start":{"line":61,"column":20},"end":{"line":61,"column":229}},"22":{"start":{"line":64,"column":27},"end":{"line":64,"column":54}},"23":{"start":{"line":65,"column":8},"end":{"line":68,"column":null}},"24":{"start":{"line":67,"column":12},"end":{"line":67,"column":24}},"25":{"start":{"line":70,"column":8},"end":{"line":121,"column":null}},"26":{"start":{"line":71,"column":12},"end":{"line":109,"column":null}},"27":{"start":{"line":71,"column":77},"end":{"line":71,"column":93}},"28":{"start":{"line":72,"column":16},"end":{"line":80,"column":null}},"29":{"start":{"line":73,"column":20},"end":{"line":73,"column":60}},"30":{"start":{"line":74,"column":20},"end":{"line":74,"column":56}},"31":{"start":{"line":75,"column":20},"end":{"line":75,"column":58}},"32":{"start":{"line":77,"column":20},"end":{"line":77,"column":60}},"33":{"start":{"line":78,"column":20},"end":{"line":78,"column":56}},"34":{"start":{"line":79,"column":20},"end":{"line":79,"column":58}},"35":{"start":{"line":81,"column":16},"end":{"line":89,"column":18}},"36":{"start":{"line":91,"column":16},"end":{"line":99,"column":null}},"37":{"start":{"line":92,"column":20},"end":{"line":92,"column":60}},"38":{"start":{"line":93,"column":20},"end":{"line":93,"column":56}},"39":{"start":{"line":94,"column":20},"end":{"line":94,"column":59}},"40":{"start":{"line":96,"column":20},"end":{"line":96,"column":60}},"41":{"start":{"line":97,"column":20},"end":{"line":97,"column":56}},"42":{"start":{"line":98,"column":20},"end":{"line":98,"column":59}},"43":{"start":{"line":100,"column":16},"end":{"line":108,"column":18}},"44":{"start":{"line":111,"column":12},"end":{"line":120,"column":14}},"45":{"start":{"line":125,"column":8},"end":{"line":130,"column":null}},"46":{"start":{"line":127,"column":12},"end":{"line":129,"column":null}},"47":{"start":{"line":128,"column":16},"end":{"line":128,"column":30}},"48":{"start":{"line":132,"column":8},"end":{"line":132,"column":64}},"49":{"start":{"line":136,"column":21},"end":{"line":136,"column":102}},"50":{"start":{"line":137,"column":8},"end":{"line":137,"column":50}},"51":{"start":{"line":19,"column":0},"end":{"line":19,"column":13}}},"fnMap":{"0":{"name":"(anonymous_0)","decl":{"start":{"line":22,"column":4},"end":{"line":22,"column":16}},"loc":{"start":{"line":22,"column":57},"end":{"line":29,"column":5}}},"1":{"name":"(anonymous_1)","decl":{"start":{"line":31,"column":14},"end":{"line":31,"column":30}},"loc":{"start":{"line":31,"column":69},"end":{"line":58,"column":5}}},"2":{"name":"(anonymous_2)","decl":{"start":{"line":49,"column":30},"end":{"line":49,"column":37}},"loc":{"start":{"line":49,"column":40},"end":{"line":51,"column":17}}},"3":{"name":"(anonymous_3)","decl":{"start":{"line":60,"column":14},"end":{"line":60,"column":23}},"loc":{"start":{"line":60,"column":36},"end":{"line":122,"column":5}}},"4":{"name":"(anonymous_4)","decl":{"start":{"line":71,"column":71},"end":{"line":71,"column":73}},"loc":{"start":{"line":71,"column":77},"end":{"line":71,"column":93}}},"5":{"name":"(anonymous_5)","decl":{"start":{"line":124,"column":14},"end":{"line":124,"column":28}},"loc":{"start":{"line":124,"column":104},"end":{"line":133,"column":5}}},"6":{"name":"(anonymous_6)","decl":{"start":{"line":135,"column":12},"end":{"line":135,"column":27}},"loc":{"start":{"line":135,"column":44},"end":{"line":138,"column":5}}}},"branchMap":{"0":{"loc":{"start":{"line":43,"column":8},"end":{"line":53,"column":null}},"type":"if","locations":[{"start":{"line":43,"column":8},"end":{"line":53,"column":null}}]},"1":{"loc":{"start":{"line":46,"column":12},"end":{"line":52,"column":null}},"type":"if","locations":[{"start":{"line":46,"column":12},"end":{"line":52,"column":null}},{"start":{"line":48,"column":19},"end":{"line":52,"column":null}}]},"2":{"loc":{"start":{"line":65,"column":8},"end":{"line":68,"column":null}},"type":"if","locations":[{"start":{"line":65,"column":8},"end":{"line":68,"column":null}}]},"3":{"loc":{"start":{"line":70,"column":8},"end":{"line":121,"column":null}},"type":"if","locations":[{"start":{"line":70,"column":8},"end":{"line":121,"column":null}},{"start":{"line":110,"column":15},"end":{"line":121,"column":null}}]},"4":{"loc":{"start":{"line":71,"column":12},"end":{"line":109,"column":null}},"type":"if","locations":[{"start":{"line":71,"column":12},"end":{"line":109,"column":null}},{"start":{"line":90,"column":19},"end":{"line":109,"column":null}}]},"5":{"loc":{"start":{"line":72,"column":16},"end":{"line":80,"column":null}},"type":"if","locations":[{"start":{"line":72,"column":16},"end":{"line":80,"column":null}},{"start":{"line":76,"column":23},"end":{"line":80,"column":null}}]},"6":{"loc":{"start":{"line":91,"column":16},"end":{"line":99,"column":null}},"type":"if","locations":[{"start":{"line":91,"column":16},"end":{"line":99,"column":null}},{"start":{"line":95,"column":23},"end":{"line":99,"column":null}}]},"7":{"loc":{"start":{"line":125,"column":8},"end":{"line":130,"column":null}},"type":"if","locations":[{"start":{"line":125,"column":8},"end":{"line":130,"column":null}}]},"8":{"loc":{"start":{"line":127,"column":12},"end":{"line":129,"column":null}},"type":"if","locations":[{"start":{"line":127,"column":12},"end":{"line":129,"column":null}}]}},"s":{"0":7,"1":7,"2":7,"3":7,"4":7,"5":7,"6":9,"7":9,"8":9,"9":9,"10":9,"11":9,"12":2,"13":2,"14":1,"15":1,"16":0,"17":1,"18":7,"19":2,"20":2,"21":44,"22":44,"23":44,"24":10,"25":34,"26":33,"27":51,"28":9,"29":3,"30":3,"31":3,"32":6,"33":6,"34":6,"35":9,"36":24,"37":0,"38":0,"39":0,"40":24,"41":24,"42":24,"43":24,"44":1,"45":33,"46":33,"47":1,"48":33,"49":33,"50":33,"51":7},"f":{"0":9,"1":2,"2":7,"3":44,"4":51,"5":33,"6":33},"b":{"0":[1],"1":[0,1],"2":[10],"3":[33,1],"4":[9,24],"5":[3,6],"6":[0,24],"7":[33],"8":[1]}}
,"/home/runner/work/vscode-c-cpp-flylint/vscode-c-cpp-flylint/specs/mock-config.ts": {"path":"/home/runner/work/vscode-c-cpp-flylint/vscode-c-cpp-flylint/specs/mock-config.ts","statementMap":{"0":{"start":{"line":7,"column":13},"end":{"line":10,"column":34}},"1":{"start":{"line":12,"column":13},"end":{"line":142,"column":2}}},"fnMap":{},"branchMap":{"0":{"loc":{"start":{"line":8,"column":4},"end":{"line":10,"column":33}},"type":"binary-expr","locations":[{"start":{"line":8,"column":4},"end":{"line":8,"column":32}},{"start":{"line":9,"column":4},"end":{"line":9,"column":35}},{"start":{"line":10,"column":4},"end":{"line":10,"column":33}}]},"1":{"loc":{"start":{"line":28,"column":25},"end":{"line":28,"column":66}},"type":"cond-expr","locations":[{"start":{"line":28,"column":37},"end":{"line":28,"column":52}},{"start":{"line":28,"column":55},"end":{"line":28,"column":66}}]},"2":{"loc":{"start":{"line":49,"column":25},"end":{"line":49,"column":56}},"type":"cond-expr","locations":[{"start":{"line":49,"column":37},"end":{"line":49,"column":47}},{"start":{"line":49,"column":50},"end":{"line":49,"column":56}}]},"3":{"loc":{"start":{"line":71,"column":25},"end":{"line":71,"column":64}},"type":"cond-expr","locations":[{"start":{"line":71,"column":37},"end":{"line":71,"column":51}},{"start":{"line":71,"column":54},"end":{"line":71,"column":64}}]},"4":{"loc":{"start":{"line":98,"column":25},"end":{"line":98,"column":58}},"type":"cond-expr","locations":[{"start":{"line":98,"column":37},"end":{"line":98,"column":48}},{"start":{"line":98,"column":51},"end":{"line":98,"column":58}}]}},"s":{"0":7,"1":7},"f":{},"b":{"0":[7,7,7],"1":[0,7],"2":[0,7],"3":[0,7],"4":[0,7]}}
,"/home/runner/work/vscode-c-cpp-flylint/vscode-c-cpp-flylint/specs/mock-fs.ts": {"path":"/home/runner/work/vscode-c-cpp-flylint/vscode-c-cpp-flylint/specs/mock-fs.ts","statementMap":{"0":{"start":{"line":5,"column":0},"end":{"line":5,"column":32}},"1":{"start":{"line":6,"column":0},"end":{"line":6,"column":54}},"2":{"start":{"line":9,"column":4},"end":{"line":80,"column":7}},"3":{"start":{"line":10,"column":8},"end":{"line":79,"column":11}},"4":{"start":{"line":82,"column":4},"end":{"line":84,"column":7}},"5":{"start":{"line":83,"column":8},"end":{"line":83,"column":23}},"6":{"start":{"line":8,"column":0},"end":{"line":8,"column":16}}},"fnMap":{"0":{"name":"injectMockFileSystem","decl":{"start":{"line":8,"column":16},"end":{"line":8,"column":36}},"loc":{"start":{"line":8,"column":36},"end":{"line":85,"column":1}}},"1":{"name":"(anonymous_1)","decl":{"start":{"line":9,"column":15},"end":{"line":9,"column":18}},"loc":{"start":{"line":9,"column":20},"end":{"line":80,"column":5}}},"2":{"name":"(anonymous_2)","decl":{"start":{"line":82,"column":14},"end":{"line":82,"column":17}},"loc":{"start":{"line":82,"column":19},"end":{"line":84,"column":5}}}},"branchMap":{},"s":{"0":8,"1":8,"2":8,"3":51,"4":8,"5":51,"6":8},"f":{"0":8,"1":51,"2":51},"b":{}}
}
