TN:
SF:server/src/server.ts
FN:73,(anonymous_7)
FN:79,flushCache
FN:86,(anonymous_9)
FN:116,(anonymous_10)
FN:116,(anonymous_11)
FN:127,(anonymous_12)
FN:127,(anonymous_13)
FN:137,(anonymous_14)
FN:137,(anonymous_15)
FN:145,(anonymous_16)
FN:149,(anonymous_17)
FN:149,(anonymous_18)
FN:165,getWorkspaceRoot
FN:174,(anonymous_21)
FN:179,(anonymous_22)
FN:197,getDocumentSettings
FN:205,(anonymous_25)
FN:206,(anonymous_26)
FN:213,reconfigureExtension
FN:223,(anonymous_29)
FN:232,getCppProperties
FN:237,(anonymous_32)
FN:245,(anonymous_33)
FN:259,(anonymous_34)
FN:266,(anonymous_35)
FN:332,getActiveConfigurationName
FN:333,(anonymous_38)
FN:333,(anonymous_39)
FN:338,getMergedSettings
FN:345,getDocumentLinters
FN:360,(anonymous_43)
FN:366,onChangedContent
FN:385,(anonymous_46)
FN:385,(anonymous_47)
FN:399,(anonymous_48)
FN:399,(anonymous_49)
FN:405,validateAllDocuments
FN:413,validateTextDocument
FN:503,(anonymous_54)
FN:540,(anonymous_55)
FN:555,(anonymous_56)
FN:564,(anonymous_57)
FN:609,makeDiagnostic
FN:653,getErrorMessage
FN:663,(anonymous_60)
FN:664,(anonymous_61)
FN:664,(anonymous_62)
FN:675,(anonymous_63)
FN:675,(anonymous_64)
FN:699,(anonymous_65)
FN:699,(anonymous_66)
FN:704,(anonymous_67)
FN:704,(anonymous_68)
FNF:53
FNH:1
FNDA:7,(anonymous_7)
FNDA:0,flushCache
FNDA:0,(anonymous_9)
FNDA:0,(anonymous_10)
FNDA:0,(anonymous_11)
FNDA:0,(anonymous_12)
FNDA:0,(anonymous_13)
FNDA:0,(anonymous_14)
FNDA:0,(anonymous_15)
FNDA:0,(anonymous_16)
FNDA:0,(anonymous_17)
FNDA:0,(anonymous_18)
FNDA:0,getWorkspaceRoot
FNDA:0,(anonymous_21)
FNDA:0,(anonymous_22)
FNDA:0,getDocumentSettings
FNDA:0,(anonymous_25)
FNDA:0,(anonymous_26)
FNDA:0,reconfigureExtension
FNDA:0,(anonymous_29)
FNDA:0,getCppProperties
FNDA:0,(anonymous_32)
FNDA:0,(anonymous_33)
FNDA:0,(anonymous_34)
FNDA:0,(anonymous_35)
FNDA:0,getActiveConfigurationName
FNDA:0,(anonymous_38)
FNDA:0,(anonymous_39)
FNDA:0,getMergedSettings
FNDA:0,getDocumentLinters
FNDA:0,(anonymous_43)
FNDA:0,onChangedContent
FNDA:0,(anonymous_46)
FNDA:0,(anonymous_47)
FNDA:0,(anonymous_48)
FNDA:0,(anonymous_49)
FNDA:0,validateAllDocuments
FNDA:0,validateTextDocument
FNDA:0,(anonymous_54)
FNDA:0,(anonymous_55)
FNDA:0,(anonymous_56)
FNDA:0,(anonymous_57)
FNDA:0,makeDiagnostic
FNDA:0,getErrorMessage
FNDA:0,(anonymous_60)
FNDA:0,(anonymous_61)
FNDA:0,(anonymous_62)
FNDA:0,(anonymous_63)
FNDA:0,(anonymous_64)
FNDA:0,(anonymous_65)
FNDA:0,(anonymous_66)
FNDA:0,(anonymous_67)
FNDA:0,(anonymous_68)
DA:5,7
DA:6,7
DA:20,7
DA:24,7
DA:25,7
DA:26,7
DA:27,7
DA:28,7
DA:29,7
DA:31,7
DA:32,7
DA:33,7
DA:35,7
DA:36,7
DA:37,7
DA:38,7
DA:39,7
DA:40,7
DA:43,7
DA:46,7
DA:48,7
DA:51,7
DA:54,7
DA:57,7
DA:63,7
DA:66,7
DA:69,7
DA:73,7
DA:74,7
DA:75,7
DA:80,0
DA:81,0
DA:82,0
DA:86,7
DA:87,0
DA:89,0
DA:91,0
DA:116,7
DA:117,0
DA:118,0
DA:125,7
DA:127,7
DA:128,0
DA:129,0
DA:131,0
DA:134,0
DA:137,7
DA:138,0
DA:141,0
DA:145,7
DA:146,0
DA:149,7
DA:151,0
DA:153,0
DA:155,0
DA:156,0
DA:158,0
DA:159,0
DA:162,0
DA:166,0
DA:167,0
DA:169,0
DA:170,0
DA:172,0
DA:174,0
DA:175,0
DA:179,0
DA:180,0
DA:181,0
DA:184,0
DA:186,0
DA:191,0
DA:194,0
DA:198,0
DA:199,0
DA:202,0
DA:203,0
DA:204,0
DA:205,0
DA:206,0
DA:207,0
DA:210,0
DA:214,0
DA:216,0
DA:217,0
DA:218,0
DA:219,0
DA:220,0
DA:221,0
DA:223,0
DA:224,0
DA:225,0
DA:229,0
DA:232,7
DA:233,0
DA:234,0
DA:235,0
DA:236,0
DA:237,0
DA:239,0
DA:241,0
DA:242,0
DA:243,0
DA:245,0
DA:247,0
DA:248,0
DA:250,0
DA:251,0
DA:252,0
DA:254,0
DA:256,0
DA:259,0
DA:260,0
DA:262,0
DA:263,0
DA:266,0
DA:267,0
DA:268,0
DA:270,0
DA:272,0
DA:275,0
DA:277,0
DA:281,0
DA:283,0
DA:287,0
DA:288,0
DA:290,0
DA:293,0
DA:298,0
DA:300,0
DA:303,0
DA:310,0
DA:315,0
DA:316,0
DA:324,0
DA:326,0
DA:329,0
DA:333,0
DA:334,0
DA:339,0
DA:340,0
DA:342,0
DA:346,0
DA:348,0
DA:349,0
DA:350,0
DA:352,0
DA:353,0
DA:356,0
DA:360,7
DA:361,0
DA:362,0
DA:363,0
DA:367,0
DA:369,0
DA:371,0
DA:372,0
DA:374,0
DA:375,0
DA:378,0
DA:383,7
DA:385,7
DA:387,0
DA:389,0
DA:390,0
DA:392,0
DA:393,0
DA:396,0
DA:399,7
DA:400,0
DA:401,0
DA:406,0
DA:408,0
DA:409,0
DA:414,0
DA:415,0
DA:416,0
DA:417,0
DA:418,0
DA:420,0
DA:421,0
DA:423,0
DA:424,0
DA:427,0
DA:433,0
DA:434,0
DA:437,0
DA:440,0
DA:441,0
DA:445,0
DA:448,0
DA:449,0
DA:451,0
DA:454,0
DA:456,0
DA:460,0
DA:461,0
DA:462,0
DA:463,0
DA:465,0
DA:468,0
DA:469,0
DA:471,0
DA:474,0
DA:478,0
DA:480,0
DA:482,0
DA:485,0
DA:486,0
DA:488,0
DA:490,0
DA:492,0
DA:493,0
DA:496,0
DA:499,0
DA:501,0
DA:503,0
DA:504,0
DA:505,0
DA:507,0
DA:508,0
DA:509,0
DA:510,0
DA:512,0
DA:513,0
DA:515,0
DA:516,0
DA:517,0
DA:520,0
DA:522,0
DA:523,0
DA:526,0
DA:527,0
DA:530,0
DA:531,0
DA:533,0
DA:536,0
DA:539,0
DA:540,0
DA:542,0
DA:543,0
DA:545,0
DA:549,0
DA:553,0
DA:555,0
DA:556,0
DA:557,0
DA:558,0
DA:560,0
DA:561,0
DA:564,0
DA:565,0
DA:567,0
DA:569,0
DA:573,0
DA:575,0
DA:579,0
DA:580,0
DA:582,0
DA:583,0
DA:589,0
DA:590,0
DA:594,0
DA:595,0
DA:596,0
DA:600,0
DA:602,0
DA:603,0
DA:606,0
DA:611,0
DA:612,0
DA:617,0
DA:621,0
DA:622,0
DA:623,0
DA:624,0
DA:625,0
DA:626,0
DA:628,0
DA:629,0
DA:632,0
DA:633,0
DA:634,0
DA:638,0
DA:641,0
DA:654,0
DA:655,0
DA:656,0
DA:659,0
DA:660,0
DA:663,7
DA:664,0
DA:665,0
DA:667,0
DA:668,0
DA:670,0
DA:675,7
DA:676,0
DA:678,0
DA:679,0
DA:681,0
DA:682,0
DA:683,0
DA:685,0
DA:686,0
DA:689,0
DA:694,0
DA:696,0
DA:699,7
DA:700,0
DA:702,0
DA:703,0
DA:704,0
DA:705,0
DA:706,0
DA:708,0
DA:709,0
DA:710,0
DA:712,0
DA:713,0
DA:716,0
DA:721,0
DA:722,0
DA:725,0
DA:729,7
DA:732,7
LF:326
LH:47
BRDA:73,0,0,7
BRDA:73,0,1,7
BRDA:89,1,0,0
BRDA:89,1,1,0
BRDA:117,2,0,0
BRDA:128,3,0,0
BRDA:128,3,1,0
BRDA:131,4,0,0
BRDA:131,4,1,0
BRDA:153,5,0,0
BRDA:153,5,1,0
BRDA:153,6,0,0
BRDA:153,6,1,0
BRDA:156,7,0,0
BRDA:172,8,0,0
BRDA:172,8,1,0
BRDA:175,9,0,0
BRDA:175,9,1,0
BRDA:175,10,0,0
BRDA:175,10,1,0
BRDA:184,11,0,0
BRDA:198,12,0,0
BRDA:203,13,0,0
BRDA:216,14,0,0
BRDA:217,15,0,0
BRDA:218,16,0,0
BRDA:219,17,0,0
BRDA:220,18,0,0
BRDA:221,19,0,0
BRDA:224,20,0,0
BRDA:224,21,0,0
BRDA:224,21,1,0
BRDA:234,22,0,0
BRDA:239,23,0,0
BRDA:241,24,0,0
BRDA:247,25,0,0
BRDA:254,26,0,0
BRDA:262,27,0,0
BRDA:262,27,1,0
BRDA:268,28,0,0
BRDA:268,28,1,0
BRDA:270,29,0,0
BRDA:275,30,0,0
BRDA:281,31,0,0
BRDA:287,32,0,0
BRDA:288,33,0,0
BRDA:298,34,0,0
BRDA:315,35,0,0
BRDA:334,36,0,0
BRDA:334,36,1,0
BRDA:334,37,0,0
BRDA:334,37,1,0
BRDA:349,38,0,0
BRDA:367,39,0,0
BRDA:372,40,0,0
BRDA:390,41,0,0
BRDA:390,42,0,0
BRDA:390,42,1,0
BRDA:400,43,0,0
BRDA:406,44,0,0
BRDA:406,44,1,0
BRDA:408,45,0,0
BRDA:421,46,0,0
BRDA:427,47,0,0
BRDA:427,48,0,0
BRDA:427,48,1,0
BRDA:427,48,2,0
BRDA:427,48,3,0
BRDA:437,49,0,0
BRDA:449,50,0,0
BRDA:449,51,0,0
BRDA:449,51,1,0
BRDA:462,52,0,0
BRDA:463,53,0,0
BRDA:468,54,0,0
BRDA:468,55,0,0
BRDA:468,55,1,0
BRDA:469,56,0,0
BRDA:478,57,0,0
BRDA:515,58,0,0
BRDA:515,59,0,0
BRDA:515,59,1,0
BRDA:515,59,2,0
BRDA:515,59,3,0
BRDA:515,59,4,0
BRDA:522,60,0,0
BRDA:526,61,0,0
BRDA:530,62,0,0
BRDA:530,62,1,0
BRDA:530,63,0,0
BRDA:530,63,1,0
BRDA:530,63,2,0
BRDA:542,64,0,0
BRDA:542,64,1,0
BRDA:560,65,0,0
BRDA:567,66,0,0
BRDA:573,67,0,0
BRDA:579,68,0,0
BRDA:595,69,0,0
BRDA:602,70,0,0
BRDA:611,71,0,0
BRDA:611,71,1,0
BRDA:621,72,0,0
BRDA:621,72,1,0
BRDA:621,73,0,0
BRDA:621,73,1,0
BRDA:622,74,0,0
BRDA:622,74,1,0
BRDA:622,75,0,0
BRDA:622,75,1,0
BRDA:623,76,0,0
BRDA:623,76,1,0
BRDA:623,77,0,0
BRDA:623,77,1,0
BRDA:624,78,0,0
BRDA:624,78,1,0
BRDA:628,79,0,0
BRDA:628,80,0,0
BRDA:628,80,1,0
BRDA:628,80,2,0
BRDA:633,81,0,0
BRDA:633,82,0,0
BRDA:633,82,1,0
BRDA:655,83,0,0
BRDA:667,84,0,0
BRDA:678,85,0,0
BRDA:678,86,0,0
BRDA:678,86,1,0
BRDA:685,87,0,0
BRDA:702,88,0,0
BRDA:702,88,1,0
BRDA:705,89,0,0
BRDA:705,90,0,0
BRDA:705,90,1,0
BRDA:712,91,0,0
BRDA:721,92,0,0
BRF:136
BRH:2
end_of_record
TN:
SF:server/src/settings.ts
FN:19,propertiesPlatform
FN:31,(anonymous_1)
FN:32,from
FNF:3
FNH:3
FNDA:2,propertiesPlatform
FNDA:8,(anonymous_1)
FNDA:71,from
DA:5,8
DA:6,8
DA:7,8
DA:19,8
DA:20,2
DA:21,0
DA:22,2
DA:23,0
DA:25,0
DA:31,8
DA:32,8
DA:33,71
DA:34,0
DA:37,71
DA:38,0
DA:41,71
DA:42,9
DA:43,18
DA:44,30
DA:45,14
DA:47,0
LF:21
LH:15
BRDA:20,0,0,0
BRDA:20,0,1,2
BRDA:20,0,2,0
BRDA:20,0,3,0
BRDA:33,1,0,0
BRDA:37,2,0,0
BRDA:41,3,0,9
BRDA:41,3,1,18
BRDA:41,3,2,30
BRDA:41,3,3,14
BRDA:41,3,4,0
BRDA:31,4,0,8
BRDA:31,4,1,8
BRF:13
BRH:7
end_of_record
TN:
SF:server/src/utils.ts
FN:7,(anonymous_7)
FN:10,retry
FN:11,(anonymous_10)
FN:12,(anonymous_11)
FN:12,(anonymous_12)
FN:13,(anonymous_13)
FN:13,(anonymous_14)
FN:48,sleep
FN:49,(anonymous_16)
FN:55,path
FNF:10
FNH:6
FNDA:9,(anonymous_7)
FNDA:3,retry
FNDA:3,(anonymous_10)
FNDA:3,(anonymous_11)
FNDA:3,(anonymous_12)
FNDA:0,(anonymous_13)
FNDA:0,(anonymous_14)
FNDA:0,sleep
FNDA:0,(anonymous_16)
FNDA:29,path
DA:5,9
DA:7,9
DA:10,9
DA:11,3
DA:12,3
DA:13,3
DA:16,0
DA:17,0
DA:19,0
DA:23,3
DA:24,3
DA:27,3
DA:28,3
DA:31,3
DA:33,0
DA:35,0
DA:36,0
DA:37,0
DA:39,0
DA:43,3
DA:48,9
DA:49,0
DA:50,0
DA:55,9
DA:56,29
DA:57,29
DA:58,7
DA:59,4
DA:60,4
DA:61,0
DA:63,4
DA:66,3
DA:68,22
DA:70,4
DA:72,21
LF:35
LH:24
BRDA:16,0,0,0
BRDA:16,0,1,0
BRDA:36,1,0,0
BRDA:36,1,1,0
BRDA:7,2,0,9
BRDA:7,2,1,9
BRDA:57,3,0,7
BRDA:57,3,1,22
BRDA:57,4,0,29
BRDA:57,4,1,21
BRDA:57,4,2,21
BRDA:58,5,0,4
BRDA:58,5,1,3
BRDA:58,6,0,7
BRDA:58,6,1,4
BRDA:60,7,0,0
BRDA:68,8,0,4
BRF:17
BRH:12
end_of_record
TN:
SF:server/src/linters/clang.ts
FN:16,(anonymous_0)
FN:25,(anonymous_1)
FN:29,(anonymous_2)
FN:122,(anonymous_3)
FN:176,(anonymous_4)
FN:181,(anonymous_5)
FN:195,(anonymous_6)
FNF:7
FNH:6
FNDA:8,(anonymous_0)
FNDA:0,(anonymous_1)
FNDA:3,(anonymous_2)
FNDA:20,(anonymous_3)
FNDA:15,(anonymous_4)
FNDA:3,(anonymous_5)
FNDA:3,(anonymous_6)
DA:5,7
DA:6,7
DA:7,7
DA:9,7
DA:10,7
DA:12,7
DA:13,8
DA:14,8
DA:17,8
DA:18,8
DA:20,8
DA:21,8
DA:22,8
DA:26,0
DA:30,3
DA:31,3
DA:34,3
DA:35,0
DA:42,3
DA:45,3
DA:46,3
DA:48,3
DA:50,3
DA:52,3
DA:54,3
DA:59,3
DA:64,3
DA:69,3
DA:74,3
DA:79,3
DA:85,3
DA:110,3
DA:111,0
DA:113,3
DA:116,3
DA:117,3
DA:119,3
DA:123,20
DA:126,20
DA:128,0
DA:131,20
DA:132,20
DA:134,1
DA:138,19
DA:140,19
DA:141,3
DA:152,16
DA:153,15
DA:163,1
DA:177,15
DA:178,15
DA:182,3
DA:184,3
DA:185,0
DA:188,3
DA:189,0
DA:192,3
DA:196,3
DA:197,3
DA:199,3
DA:200,3
DA:201,3
DA:204,3
LF:63
LH:57
BRDA:34,0,0,0
BRDA:34,0,1,3
BRDA:46,1,0,0
BRDA:46,1,1,3
BRDA:48,2,0,3
BRDA:48,2,1,0
BRDA:50,3,0,3
BRDA:50,3,1,0
BRDA:52,4,0,3
BRDA:52,4,1,0
BRDA:108,5,0,3
BRDA:108,5,1,3
BRDA:110,6,0,0
BRDA:110,6,1,3
BRDA:126,7,0,0
BRDA:132,8,0,1
BRDA:140,9,0,3
BRDA:142,10,0,0
BRDA:142,10,1,3
BRDA:152,11,0,15
BRDA:152,11,1,1
BRDA:154,12,0,0
BRDA:154,12,1,15
BRDA:184,13,0,0
BRDA:188,14,0,0
BRDA:199,15,0,3
BRF:26
BRH:15
end_of_record
TN:
SF:server/src/linters/cppcheck.ts
FN:13,(anonymous_0)
FN:22,(anonymous_1)
FN:78,(anonymous_2)
FN:113,(anonymous_3)
FN:118,(anonymous_4)
FN:123,(anonymous_5)
FN:137,(anonymous_6)
FN:142,(anonymous_7)
FN:150,(anonymous_8)
FN:161,(anonymous_9)
FN:166,(anonymous_10)
FNF:11
FNH:9
FNDA:10,(anonymous_0)
FNDA:2,(anonymous_1)
FNDA:55,(anonymous_2)
FNDA:12,(anonymous_3)
FNDA:2,(anonymous_4)
FNDA:2,(anonymous_5)
FNDA:2,(anonymous_6)
FNDA:0,(anonymous_7)
FNDA:2,(anonymous_8)
FNDA:2,(anonymous_9)
FNDA:0,(anonymous_10)
DA:5,7
DA:6,7
DA:7,7
DA:9,7
DA:10,7
DA:12,7
DA:14,10
DA:15,10
DA:17,10
DA:18,10
DA:19,10
DA:23,2
DA:26,2
DA:27,2
DA:28,2
DA:29,2
DA:30,2
DA:31,2
DA:36,2
DA:41,2
DA:47,2
DA:61,2
DA:62,0
DA:65,2
DA:66,0
DA:69,2
DA:70,0
DA:73,2
DA:75,2
DA:79,55
DA:82,55
DA:84,55
DA:86,42
DA:89,13
DA:90,12
DA:100,1
DA:114,12
DA:115,12
DA:119,2
DA:120,2
DA:124,2
DA:126,2
DA:127,2
DA:128,0
DA:131,2
DA:134,0
DA:138,2
DA:139,2
DA:141,2
DA:142,2
DA:143,0
DA:147,2
DA:151,2
DA:152,2
DA:154,2
DA:155,2
DA:158,2
DA:162,2
DA:163,2
DA:165,2
DA:166,2
DA:167,0
DA:171,2
LF:63
LH:56
BRDA:23,0,0,0
BRDA:23,0,1,2
BRDA:59,1,0,2
BRDA:59,1,1,2
BRDA:61,2,0,0
BRDA:65,3,0,0
BRDA:69,4,0,0
BRDA:84,5,0,42
BRDA:89,6,0,12
BRDA:89,6,1,1
BRDA:93,7,0,12
BRDA:93,7,1,12
BRDA:126,8,0,2
BRDA:127,9,0,0
BRDA:141,10,0,2
BRDA:154,11,0,2
BRDA:165,12,0,2
BRF:17
BRH:12
end_of_record
TN:
SF:server/src/linters/flawfinder.ts
FN:12,(anonymous_0)
FN:20,(anonymous_1)
FN:32,(anonymous_2)
FN:67,(anonymous_3)
FNF:4
FNH:4
FNDA:6,(anonymous_0)
FNDA:2,(anonymous_1)
FNDA:4,(anonymous_2)
FNDA:1,(anonymous_3)
DA:5,7
DA:6,7
DA:8,7
DA:9,7
DA:11,7
DA:13,6
DA:14,6
DA:16,6
DA:17,6
DA:21,2
DA:27,2
DA:29,2
DA:33,4
DA:36,4
DA:38,4
DA:40,2
DA:43,2
DA:44,1
DA:54,1
DA:68,1
DA:69,1
LF:21
LH:21
BRDA:38,0,0,2
BRDA:43,1,0,1
BRDA:43,1,1,1
BRDA:47,2,0,1
BRDA:47,2,1,0
BRF:5
BRH:4
end_of_record
TN:
SF:server/src/linters/flexelint.ts
FN:14,(anonymous_0)
FN:23,(anonymous_1)
FN:41,(anonymous_2)
FN:52,(anonymous_3)
FN:66,(anonymous_4)
FN:101,(anonymous_5)
FNF:6
FNH:6
FNDA:10,(anonymous_0)
FNDA:2,(anonymous_1)
FNDA:7,(anonymous_2)
FNDA:7,(anonymous_3)
FNDA:16,(anonymous_4)
FNDA:10,(anonymous_5)
DA:5,7
DA:6,7
DA:7,7
DA:8,7
DA:10,7
DA:11,7
DA:13,7
DA:15,10
DA:16,10
DA:18,10
DA:19,10
DA:20,10
DA:24,2
DA:35,2
DA:36,1
DA:38,1
DA:39,0
DA:41,1
DA:42,7
DA:47,2
DA:49,2
DA:53,7
DA:54,7
DA:55,0
DA:56,0
DA:57,0
DA:58,7
DA:59,4
DA:63,7
DA:67,16
DA:70,16
DA:72,16
DA:74,5
DA:77,11
DA:78,10
DA:88,1
DA:102,10
DA:103,10
LF:38
LH:34
BRDA:35,0,0,1
BRDA:38,1,0,0
BRDA:38,1,1,1
BRDA:53,2,0,7
BRDA:54,3,0,0
BRDA:54,3,1,7
BRDA:54,4,0,7
BRDA:54,4,1,2
BRDA:54,4,2,7
BRDA:54,4,3,2
BRDA:58,5,0,4
BRDA:58,6,0,7
BRDA:58,6,1,5
BRDA:72,7,0,5
BRDA:77,8,0,10
BRDA:77,8,1,1
BRF:16
BRH:14
end_of_record
TN:
SF:server/src/linters/linter.ts
FN:26,(anonymous_7)
FN:32,toLint
FN:42,fromLint
FN:55,(anonymous_10)
FN:59,(anonymous_11)
FN:65,(anonymous_12)
FN:75,(anonymous_13)
FN:79,(anonymous_14)
FN:99,(anonymous_15)
FN:113,(anonymous_16)
FN:114,(anonymous_17)
FN:120,(anonymous_18)
FN:137,(anonymous_19)
FN:141,(anonymous_20)
FN:145,(anonymous_21)
FN:149,(anonymous_22)
FN:153,(anonymous_23)
FN:157,(anonymous_24)
FN:161,(anonymous_25)
FN:165,(anonymous_26)
FN:166,(anonymous_28)
FN:172,(anonymous_29)
FN:178,(anonymous_31)
FN:185,(anonymous_32)
FN:186,(anonymous_33)
FN:191,(anonymous_34)
FN:208,(anonymous_35)
FN:214,(anonymous_37)
FN:221,(anonymous_38)
FN:230,(anonymous_39)
FN:231,(anonymous_40)
FN:237,(anonymous_41)
FN:259,(anonymous_42)
FN:273,(anonymous_43)
FN:277,(anonymous_44)
FN:287,(anonymous_45)
FN:306,(anonymous_46)
FN:310,(anonymous_47)
FN:314,(anonymous_48)
FN:354,(anonymous_49)
FN:358,(anonymous_50)
FN:362,(anonymous_51)
FN:367,(anonymous_52)
FN:372,(anonymous_53)
FN:386,(anonymous_54)
FN:388,(anonymous_55)
FNF:46
FNH:34
FNDA:7,(anonymous_7)
FNDA:0,toLint
FNDA:0,fromLint
FNDA:12,(anonymous_10)
FNDA:0,(anonymous_11)
FNDA:12,(anonymous_12)
FNDA:12,(anonymous_13)
FNDA:12,(anonymous_14)
FNDA:49,(anonymous_15)
FNDA:49,(anonymous_16)
FNDA:245,(anonymous_17)
FNDA:245,(anonymous_18)
FNDA:27,(anonymous_19)
FNDA:9,(anonymous_20)
FNDA:0,(anonymous_21)
FNDA:12,(anonymous_22)
FNDA:6,(anonymous_23)
FNDA:2,(anonymous_24)
FNDA:6,(anonymous_25)
FNDA:0,(anonymous_26)
FNDA:0,(anonymous_28)
FNDA:12,(anonymous_29)
FNDA:6,(anonymous_31)
FNDA:12,(anonymous_32)
FNDA:12,(anonymous_33)
FNDA:12,(anonymous_34)
FNDA:6,(anonymous_35)
FNDA:2,(anonymous_37)
FNDA:0,(anonymous_38)
FNDA:2,(anonymous_39)
FNDA:2,(anonymous_40)
FNDA:12,(anonymous_41)
FNDA:14,(anonymous_42)
FNDA:0,(anonymous_43)
FNDA:0,(anonymous_44)
FNDA:0,(anonymous_45)
FNDA:165,(anonymous_46)
FNDA:15,(anonymous_47)
FNDA:136,(anonymous_48)
FNDA:35,(anonymous_49)
FNDA:0,(anonymous_50)
FNDA:5,(anonymous_51)
FNDA:5,(anonymous_52)
FNDA:0,(anonymous_53)
FNDA:24,(anonymous_54)
FNDA:14,(anonymous_55)
DA:6,7
DA:7,7
DA:8,7
DA:9,7
DA:12,7
DA:13,7
DA:16,7
DA:17,7
DA:24,7
DA:26,7
DA:27,7
DA:28,7
DA:29,7
DA:32,7
DA:33,0
DA:34,0
DA:35,0
DA:36,0
DA:38,0
DA:42,7
DA:43,0
DA:44,0
DA:45,0
DA:46,0
DA:48,0
DA:52,7
DA:53,12
DA:56,12
DA:62,0
DA:68,12
DA:69,12
DA:72,12
DA:76,12
DA:80,12
DA:84,7
DA:90,49
DA:91,49
DA:100,49
DA:101,49
DA:102,49
DA:103,49
DA:104,49
DA:105,49
DA:106,49
DA:107,49
DA:108,49
DA:109,49
DA:110,49
DA:114,49
DA:115,245
DA:120,49
DA:121,245
DA:122,90
DA:123,90
DA:127,155
DA:130,49
DA:131,49
DA:132,49
DA:133,49
DA:134,49
DA:138,27
DA:142,9
DA:146,0
DA:150,12
DA:154,6
DA:158,2
DA:162,6
DA:166,0
DA:169,0
DA:173,12
DA:174,0
DA:177,12
DA:179,6
DA:181,6
DA:186,12
DA:187,12
DA:189,12
DA:191,12
DA:192,12
DA:193,6
DA:195,6
DA:196,0
DA:199,6
DA:202,6
DA:209,6
DA:210,4
DA:213,2
DA:215,2
DA:217,2
DA:219,2
DA:222,0
DA:224,0
DA:226,0
DA:231,2
DA:232,2
DA:234,2
DA:235,12
DA:237,12
DA:238,12
DA:239,0
DA:241,12
DA:245,12
DA:246,12
DA:247,2
DA:252,12
DA:255,2
DA:260,14
DA:261,14
DA:262,14
DA:264,14
DA:265,0
DA:266,14
DA:267,0
DA:269,14
DA:274,0
DA:278,0
DA:280,0
DA:281,0
DA:284,0
DA:288,0
DA:290,0
DA:291,0
DA:292,0
DA:294,0
DA:295,0
DA:296,0
DA:299,0
DA:300,0
DA:303,0
DA:307,165
DA:311,15
DA:312,15
DA:314,15
DA:315,136
DA:316,29
DA:318,29
DA:319,29
DA:323,136
DA:324,136
DA:326,75
DA:327,0
DA:328,0
DA:329,0
DA:331,0
DA:335,75
DA:337,75
DA:339,58
DA:342,75
DA:346,15
DA:348,12
DA:351,15
DA:355,35
DA:359,0
DA:363,5
DA:364,5
DA:368,5
DA:369,5
DA:371,5
DA:372,5
DA:373,0
DA:374,0
DA:375,0
DA:377,0
DA:378,0
DA:383,5
DA:387,24
DA:388,24
DA:389,14
DA:390,0
DA:392,14
DA:393,14
DA:394,0
DA:396,14
DA:397,14
DA:399,0
DA:400,0
DA:405,24
DA:407,24
LF:178
LH:127
BRDA:26,0,0,7
BRDA:26,0,1,7
BRDA:33,1,0,0
BRDA:33,1,1,0
BRDA:33,1,2,0
BRDA:33,1,3,0
BRDA:43,2,0,0
BRDA:43,2,1,0
BRDA:43,2,2,0
BRDA:43,2,3,0
BRDA:56,3,0,12
BRDA:68,4,0,12
BRDA:115,5,0,245
BRDA:115,5,1,90
BRDA:115,5,2,90
BRDA:121,6,0,90
BRDA:122,7,0,90
BRDA:122,8,0,90
BRDA:122,8,1,18
BRDA:173,9,0,0
BRDA:192,10,0,6
BRDA:192,10,1,6
BRDA:195,11,0,0
BRDA:209,12,0,4
BRDA:238,13,0,0
BRDA:238,13,1,12
BRDA:264,14,0,0
BRDA:264,14,1,14
BRDA:266,15,0,0
BRDA:266,15,1,14
BRDA:278,16,0,0
BRDA:278,16,1,0
BRDA:280,17,0,0
BRDA:288,18,0,0
BRDA:290,19,0,0
BRDA:290,19,1,0
BRDA:291,20,0,0
BRDA:291,20,1,0
BRDA:292,21,0,0
BRDA:292,21,1,0
BRDA:294,22,0,0
BRDA:299,23,0,0
BRDA:307,24,0,165
BRDA:307,24,1,165
BRDA:315,25,0,29
BRDA:318,26,0,29
BRDA:324,27,0,75
BRDA:326,28,0,0
BRDA:327,29,0,0
BRDA:327,29,1,0
BRDA:337,30,0,58
BRDA:337,31,0,75
BRDA:337,31,1,58
BRDA:346,32,0,12
BRDA:371,33,0,5
BRDA:374,34,0,0
BRDA:374,34,1,0
BRDA:389,35,0,0
BRDA:393,36,0,0
BRDA:393,36,1,14
BRDA:396,37,0,14
BRDA:396,37,1,0
BRDA:405,38,0,18
BRDA:405,38,1,6
BRF:64
BRH:31
end_of_record
TN:
SF:server/src/linters/lizard.ts
FN:12,(anonymous_0)
FN:20,(anonymous_1)
FN:30,(anonymous_2)
FNF:3
FNH:3
FNDA:6,(anonymous_0)
FNDA:2,(anonymous_1)
FNDA:6,(anonymous_2)
DA:6,7
DA:8,7
DA:9,7
DA:11,7
DA:13,6
DA:14,6
DA:16,6
DA:17,6
DA:21,2
DA:25,2
DA:27,2
DA:31,6
DA:33,6
DA:35,6
DA:37,1
DA:40,5
DA:41,4
DA:51,1
LF:18
LH:18
BRDA:23,0,0,2
BRDA:23,0,1,2
BRDA:35,1,0,1
BRDA:40,2,0,4
BRDA:40,2,1,1
BRF:5
BRH:5
end_of_record
TN:
SF:server/src/linters/pclintplus.ts
FN:22,(anonymous_0)
FN:31,(anonymous_1)
FN:49,(anonymous_2)
FN:60,(anonymous_3)
FN:71,(anonymous_4)
FN:124,(anonymous_5)
FN:135,(anonymous_6)
FNF:7
FNH:7
FNDA:9,(anonymous_0)
FNDA:2,(anonymous_1)
FNDA:7,(anonymous_2)
FNDA:44,(anonymous_3)
FNDA:51,(anonymous_4)
FNDA:33,(anonymous_5)
FNDA:33,(anonymous_6)
DA:5,7
DA:6,7
DA:7,7
DA:8,7
DA:10,7
DA:11,7
DA:19,7
DA:20,9
DA:23,9
DA:24,9
DA:26,9
DA:27,9
DA:28,9
DA:32,2
DA:43,2
DA:44,1
DA:46,1
DA:47,0
DA:49,1
DA:50,7
DA:55,2
DA:57,2
DA:61,44
DA:64,44
DA:65,44
DA:67,10
DA:70,34
DA:71,51
DA:72,9
DA:73,3
DA:74,3
DA:75,3
DA:77,6
DA:78,6
DA:79,6
DA:81,9
DA:91,24
DA:92,0
DA:93,0
DA:94,0
DA:96,24
DA:97,24
DA:98,24
DA:100,24
DA:111,1
DA:125,33
DA:127,33
DA:128,1
DA:132,33
DA:136,33
DA:137,33
LF:51
LH:47
BRDA:43,0,0,1
BRDA:46,1,0,0
BRDA:46,1,1,1
BRDA:65,2,0,10
BRDA:70,3,0,33
BRDA:70,3,1,1
BRDA:71,4,0,9
BRDA:71,4,1,24
BRDA:72,5,0,3
BRDA:72,5,1,6
BRDA:91,6,0,0
BRDA:91,6,1,24
BRDA:125,7,0,33
BRDA:127,8,0,1
BRF:14
BRH:12
end_of_record
TN:
SF:specs/mock-config.ts
FNF:0
FNH:0
DA:7,7
DA:12,7
LF:2
LH:2
BRDA:8,0,0,7
BRDA:8,0,1,7
BRDA:8,0,2,7
BRDA:28,1,0,0
BRDA:28,1,1,7
BRDA:49,2,0,0
BRDA:49,2,1,7
BRDA:71,3,0,0
BRDA:71,3,1,7
BRDA:98,4,0,0
BRDA:98,4,1,7
BRF:11
BRH:7
end_of_record
TN:
SF:specs/mock-fs.ts
FN:8,injectMockFileSystem
FN:9,(anonymous_1)
FN:82,(anonymous_2)
FNF:3
FNH:3
FNDA:8,injectMockFileSystem
FNDA:51,(anonymous_1)
FNDA:51,(anonymous_2)
DA:5,8
DA:6,8
DA:8,8
DA:9,8
DA:10,51
DA:82,8
DA:83,51
LF:7
LH:7
BRF:0
BRH:0
end_of_record
